2024-01-09 18:06:58,137 [INFO] Activator:176 - 


2024-01-09 18:06:58,144 [INFO] Activator:177 - !SESSION log4j initialized
2024-01-09 18:07:04,762 [INFO] LogOutputStream:77 - [STDOUT_REDIRECT] 
2024-01-09 18:07:05,029 [ERROR] LogOutputStream:75 - [STDERR_REDIRECT] 
2024-01-09 18:07:08,549 [ERROR] LogOutputStream:75 - [STDERR_REDIRECT] [Fatal Error] :2:10: DOCTYPE is disallowed when the feature "http://apache.org/xml/features/disallow-doctype-decl" set to true.
2024-01-09 18:07:08,552 [ERROR] LogOutputStream:75 - [STDERR_REDIRECT] 
2024-01-09 18:07:08,748 [INFO] LogOutputStream:77 - [STDOUT_REDIRECT] 
2024-01-09 18:07:12,503 [INFO] ApplicationProperties:184 - Using Application install path: /Applications/STM32CubeIDE.app/Contents/Eclipse/plugins/com.st.stm32cube.common.mx_6.10.0.202311202037
2024-01-09 18:07:12,526 [INFO] DbMcusXml:78 - Set database path to: /Applications/STM32CubeIDE.app/Contents/Eclipse/plugins/com.st.stm32cube.common.mx_6.10.0.202311202037//db//mcu/
2024-01-09 18:07:12,526 [INFO] ApiDb:274 - Set plugin database path to: /Applications/STM32CubeIDE.app/Contents/Eclipse/plugins/com.st.stm32cube.common.mx_6.10.0.202311202037//db//plugins/boardmanager/
2024-01-09 18:07:12,527 [WARN] ApiDb:259 - Overriding images path with different value:  => /Applications/STM32CubeIDE.app/Contents/Eclipse/plugins/com.st.stm32cube.common.mx_6.10.0.202311202037//db//plugins/mcufinder/images/
2024-01-09 18:07:12,542 [INFO] ApiDb:250 - Set database path to: /Users/aliacan/.stmcufinder/plugins/mcufinder//mcu/
2024-01-09 18:07:12,544 [INFO] DbMcusAds:125 - Set database path to: /Users/aliacan/.stmcufinder/plugins/mcufinder//mcu/
2024-01-09 18:07:12,546 [INFO] CrossReferenceDbSqlite:203 - Set database path to: /Users/aliacan/.stmcufinder/plugins/mcufinder//mcu/cs/
2024-01-09 18:07:12,811 [INFO] RulesReader:64 - Compatibility file has been processed (297 Rules)
2024-01-09 18:07:12,940 [INFO] DbMcusXml:78 - Set database path to: /Applications/STM32CubeIDE.app/Contents/Eclipse/plugins/com.st.stm32cube.common.mx_6.10.0.202311202037//db//mcu/
2024-01-09 18:07:12,940 [INFO] ApiDb:274 - Set plugin database path to: /Applications/STM32CubeIDE.app/Contents/Eclipse/plugins/com.st.stm32cube.common.mx_6.10.0.202311202037//db//plugins/boardmanager/
2024-01-09 18:07:12,942 [INFO] ApiDb:261 - Set plugin images path to: /Applications/STM32CubeIDE.app/Contents/Eclipse/plugins/com.st.stm32cube.common.mx_6.10.0.202311202037//db//plugins/mcufinder/images/
2024-01-09 18:07:13,040 [WARN] DbFile:41 - Overriding database path with different value: /Users/aliacan/.stmcufinder/plugins/mcufinder/ => /Users/aliacan/.stmcufinder/plugins/mcufinder
2024-01-09 18:07:13,041 [INFO] ApiDb:250 - Set database path to: /Users/aliacan/.stmcufinder/plugins/mcufinder//mcu/
2024-01-09 18:07:13,041 [WARN] DbFile:41 - Overriding database path with different value: /Users/aliacan/.stmcufinder/plugins/mcufinder/ => /Users/aliacan/.stmcufinder/plugins/mcufinder
2024-01-09 18:07:13,042 [INFO] DbMcusAds:125 - Set database path to: /Users/aliacan/.stmcufinder/plugins/mcufinder//mcu/
2024-01-09 18:07:13,042 [WARN] DbFile:41 - Overriding database path with different value: /Users/aliacan/.stmcufinder/plugins/mcufinder/ => /Users/aliacan/.stmcufinder/plugins/mcufinder
2024-01-09 18:07:13,042 [WARN] DbFile:41 - Overriding database path with different value: /Users/aliacan/.stmcufinder/plugins/mcufinder/ => /Users/aliacan/.stmcufinder/plugins/mcufinder
2024-01-09 18:07:13,043 [INFO] CrossReferenceDbSqlite:203 - Set database path to: /Users/aliacan/.stmcufinder/plugins/mcufinder//mcu/cs/
2024-01-09 18:07:13,603 [INFO] MainPanel:264 - HeapMemory: 268435456
2024-01-09 18:07:13,893 [INFO] DbMcusXml:78 - Set database path to: /Applications/STM32CubeIDE.app/Contents/Eclipse/plugins/com.st.stm32cube.common.mx_6.10.0.202311202037//db//mcu/
2024-01-09 18:07:13,895 [INFO] ApiDb:274 - Set plugin database path to: /Applications/STM32CubeIDE.app/Contents/Eclipse/plugins/com.st.stm32cube.common.mx_6.10.0.202311202037//db//plugins/boardmanager/
2024-01-09 18:07:13,900 [INFO] ApiDb:261 - Set plugin images path to: /Applications/STM32CubeIDE.app/Contents/Eclipse/plugins/com.st.stm32cube.common.mx_6.10.0.202311202037//db//plugins/mcufinder/images/
2024-01-09 18:07:13,902 [WARN] DbFile:41 - Overriding database path with different value: /Users/aliacan/.stmcufinder/plugins/mcufinder/ => /Users/aliacan/.stmcufinder/plugins/mcufinder
2024-01-09 18:07:13,903 [INFO] ApiDb:250 - Set database path to: /Users/aliacan/.stmcufinder/plugins/mcufinder//mcu/
2024-01-09 18:07:13,903 [WARN] DbFile:41 - Overriding database path with different value: /Users/aliacan/.stmcufinder/plugins/mcufinder/ => /Users/aliacan/.stmcufinder/plugins/mcufinder
2024-01-09 18:07:13,903 [INFO] DbMcusAds:125 - Set database path to: /Users/aliacan/.stmcufinder/plugins/mcufinder//mcu/
2024-01-09 18:07:13,903 [WARN] DbFile:41 - Overriding database path with different value: /Users/aliacan/.stmcufinder/plugins/mcufinder/ => /Users/aliacan/.stmcufinder/plugins/mcufinder
2024-01-09 18:07:13,903 [WARN] DbFile:41 - Overriding database path with different value: /Users/aliacan/.stmcufinder/plugins/mcufinder/ => /Users/aliacan/.stmcufinder/plugins/mcufinder
2024-01-09 18:07:13,904 [INFO] CrossReferenceDbSqlite:203 - Set database path to: /Users/aliacan/.stmcufinder/plugins/mcufinder//mcu/cs/
2024-01-09 18:07:13,961 [INFO] ApplicationProperties:184 - Using Application install path: /Applications/STM32CubeIDE.app/Contents/Eclipse/plugins/com.st.stm32cube.common.mx_6.10.0.202311202037
2024-01-09 18:07:13,963 [INFO] PluginManage:196 - Search for loadable plugins [exclusion list=, ]
2024-01-09 18:07:13,977 [INFO] PluginManage:310 - Check plugin analytics
2024-01-09 18:07:14,246 [INFO] AnalyticsPlugin:253 - Accepted Software Licenses: 
2024-01-09 18:07:14,247 [INFO] AnalyticsPlugin:255 - Accepted CMSIS Pack Licenses: 
2024-01-09 18:07:14,247 [INFO] AnalyticsPlugin:257 - Accepted Firmware Licenses: 
2024-01-09 18:07:14,273 [INFO] PluginManage:359 - Loaded plugin analytics (category:tool,tabindex:-1)
2024-01-09 18:07:14,274 [INFO] PluginManage:310 - Check plugin cadmodel
2024-01-09 18:07:14,902 [INFO] CADModel:105 - Init CAD model plugin
2024-01-09 18:07:14,902 [INFO] PluginManage:359 - Loaded plugin cadmodel (category:power,tabindex:5)
2024-01-09 18:07:14,903 [INFO] PluginManage:310 - Check plugin clock
2024-01-09 18:07:14,913 [INFO] PluginManage:359 - Loaded plugin clock (category:base,tabindex:2)
2024-01-09 18:07:14,914 [INFO] PluginManage:310 - Check plugin ddr
2024-01-09 18:07:14,916 [INFO] PluginManage:359 - Loaded plugin ddr (category:tool,tabindex:6)
2024-01-09 18:07:14,916 [INFO] PluginManage:310 - Check plugin filemanager
2024-01-09 18:07:15,068 [INFO] PluginManage:359 - Loaded plugin filemanager (category:base,tabindex:10)
2024-01-09 18:07:15,068 [INFO] PluginManage:310 - Check plugin ipmanager
2024-01-09 18:07:15,078 [INFO] PluginManage:359 - Loaded plugin ipmanager (category:base,tabindex:5)
2024-01-09 18:07:15,078 [INFO] PluginManage:310 - Check plugin lpbam
2024-01-09 18:07:15,088 [INFO] PluginManage:359 - Loaded plugin lpbam (category:base,tabindex:0)
2024-01-09 18:07:15,088 [INFO] PluginManage:310 - Check plugin memorymap
2024-01-09 18:07:15,100 [INFO] PluginManage:359 - Loaded plugin memorymap (category:base,tabindex:4)
2024-01-09 18:07:15,100 [INFO] PluginManage:310 - Check plugin pinoutandconfiguration
2024-01-09 18:07:15,106 [INFO] PluginManage:359 - Loaded plugin pinoutandconfiguration (category:base,tabindex:1)
2024-01-09 18:07:15,106 [INFO] PluginManage:310 - Check plugin pinoutconfig
2024-01-09 18:07:15,209 [WARN] SupportedApi:132 - Cannot load RTOS API schema: s4s-elt-must-match.1: The content of 'definitions' must match (annotation?, (simpleType | complexType)?, (unique | key | keyref)*)). A problem was found starting at: attribute.
2024-01-09 18:07:15,398 [INFO] PluginManage:359 - Loaded plugin pinoutconfig (category:base,tabindex:0)
2024-01-09 18:07:15,398 [INFO] PluginManage:310 - Check plugin power
2024-01-09 18:07:15,412 [INFO] PluginManage:359 - Loaded plugin power (category:power,tabindex:4)
2024-01-09 18:07:15,412 [INFO] PluginManage:310 - Check plugin projectmanager
2024-01-09 18:07:15,442 [INFO] PluginManage:359 - Loaded plugin projectmanager (category:projectmanager,tabindex:3)
2024-01-09 18:07:15,442 [INFO] PluginManage:310 - Check plugin thirdparty
2024-01-09 18:07:15,618 [INFO] PluginManage:359 - Loaded plugin thirdparty (category:base,tabindex:-1)
2024-01-09 18:07:15,619 [INFO] PluginManage:310 - Check plugin tools
2024-01-09 18:07:15,618 [WARN] IntegrityCheckThread:84 - waiting for thirdparty lock release [integrity check]
2024-01-09 18:07:15,619 [INFO] IntegrityCheckThread:86 - entering critical section [integrity check]
2024-01-09 18:07:15,619 [INFO] ThirdPartyUpdaterWithRetryManager:70 - Updater plugin not ready yet. [1/15]
2024-01-09 18:07:15,621 [INFO] PluginManage:359 - Loaded plugin tools (category:base,tabindex:7)
2024-01-09 18:07:15,621 [INFO] PluginManage:310 - Check plugin tutovideos
2024-01-09 18:07:15,835 [INFO] PluginManage:359 - Loaded plugin tutovideos (category:base,tabindex:-1)
2024-01-09 18:07:15,837 [INFO] PluginManage:310 - Check plugin updater
2024-01-09 18:07:15,867 [INFO] PluginManage:359 - Loaded plugin updater (category:base,tabindex:12)
2024-01-09 18:07:15,868 [INFO] PluginManage:310 - Check plugin userauth
2024-01-09 18:07:15,880 [INFO] UserAuth:114 - Init User Auth plugin
2024-01-09 18:07:15,881 [INFO] PluginManage:359 - Loaded plugin userauth (category:base,tabindex:14)
2024-01-09 18:07:15,885 [INFO] PluginManage:283 - PluginManage : Loaded plugins [17]
2024-01-09 18:07:16,272 [INFO] PinOutPanel:1499 - setPackage(No Configuration,No Configuration)
2024-01-09 18:07:16,389 [INFO] CADModel:165 - CPN selected for project level
2024-01-09 18:07:16,392 [INFO] CADModel:114 - Register for checkConnection events
2024-01-09 18:07:16,413 [INFO] IPUIPlugin:80 - create IPUIPlugin
2024-01-09 18:07:16,413 [INFO] PluginManager:220 - loadIPPluginJar : add mdma
2024-01-09 18:07:16,418 [INFO] IPUIPlugin:80 - create IPUIPlugin
2024-01-09 18:07:16,418 [INFO] PluginManager:220 - loadIPPluginJar : add freertos
2024-01-09 18:07:16,422 [INFO] IPUIPlugin:80 - create IPUIPlugin
2024-01-09 18:07:16,422 [INFO] PluginManager:220 - loadIPPluginJar : add gic
2024-01-09 18:07:16,428 [INFO] IPUIPlugin:80 - create IPUIPlugin
2024-01-09 18:07:16,428 [INFO] PluginManager:220 - loadIPPluginJar : add adc
2024-01-09 18:07:16,430 [INFO] IPUIPlugin:80 - create IPUIPlugin
2024-01-09 18:07:16,430 [INFO] PluginManager:220 - loadIPPluginJar : add gtzc
2024-01-09 18:07:16,431 [INFO] IPUIPlugin:80 - create IPUIPlugin
2024-01-09 18:07:16,432 [INFO] PluginManager:220 - loadIPPluginJar : add quadspi
2024-01-09 18:07:16,434 [INFO] IPUIPlugin:80 - create IPUIPlugin
2024-01-09 18:07:16,434 [INFO] PluginManager:220 - loadIPPluginJar : add aes
2024-01-09 18:07:16,436 [INFO] IPUIPlugin:80 - create IPUIPlugin
2024-01-09 18:07:16,436 [INFO] PluginManager:220 - loadIPPluginJar : add pdm2pcm
2024-01-09 18:07:16,437 [INFO] IPUIPlugin:80 - create IPUIPlugin
2024-01-09 18:07:16,437 [INFO] PluginManager:220 - loadIPPluginJar : add hash
2024-01-09 18:07:16,438 [INFO] IPUIPlugin:80 - create IPUIPlugin
2024-01-09 18:07:16,438 [INFO] PluginManager:220 - loadIPPluginJar : add tim
2024-01-09 18:07:16,439 [INFO] IPUIPlugin:80 - create IPUIPlugin
2024-01-09 18:07:16,440 [INFO] PluginManager:220 - loadIPPluginJar : add tsc
2024-01-09 18:07:16,440 [INFO] IPUIPlugin:80 - create IPUIPlugin
2024-01-09 18:07:16,441 [INFO] PluginManager:220 - loadIPPluginJar : add ts
2024-01-09 18:07:16,442 [INFO] IPUIPlugin:80 - create IPUIPlugin
2024-01-09 18:07:16,442 [INFO] PluginManager:220 - loadIPPluginJar : add can
2024-01-09 18:07:16,444 [INFO] IPUIPlugin:80 - create IPUIPlugin
2024-01-09 18:07:16,444 [INFO] PluginManager:220 - loadIPPluginJar : add dma3
2024-01-09 18:07:16,445 [INFO] IPUIPlugin:80 - create IPUIPlugin
2024-01-09 18:07:16,445 [INFO] PluginManager:220 - loadIPPluginJar : add dfsdm
2024-01-09 18:07:16,446 [INFO] IPUIPlugin:80 - create IPUIPlugin
2024-01-09 18:07:16,446 [INFO] PluginManager:220 - loadIPPluginJar : add spi
2024-01-09 18:07:16,447 [INFO] IPUIPlugin:80 - create IPUIPlugin
2024-01-09 18:07:16,447 [INFO] PluginManager:220 - loadIPPluginJar : add gfxmmu
2024-01-09 18:07:16,448 [INFO] IPUIPlugin:80 - create IPUIPlugin
2024-01-09 18:07:16,448 [INFO] PluginManager:220 - loadIPPluginJar : add genericplugin
2024-01-09 18:07:16,449 [INFO] IPUIPlugin:80 - create IPUIPlugin
2024-01-09 18:07:16,449 [INFO] PluginManager:220 - loadIPPluginJar : add cryp
2024-01-09 18:07:16,451 [INFO] IPUIPlugin:80 - create IPUIPlugin
2024-01-09 18:07:16,452 [INFO] PluginManager:220 - loadIPPluginJar : add gpio
2024-01-09 18:07:16,453 [INFO] IPUIPlugin:80 - create IPUIPlugin
2024-01-09 18:07:16,454 [INFO] PluginManager:220 - loadIPPluginJar : add comp
2024-01-09 18:07:16,455 [INFO] IPUIPlugin:80 - create IPUIPlugin
2024-01-09 18:07:16,455 [INFO] PluginManager:220 - loadIPPluginJar : add tracer_emb
2024-01-09 18:07:16,456 [INFO] IPUIPlugin:80 - create IPUIPlugin
2024-01-09 18:07:16,456 [INFO] PluginManager:220 - loadIPPluginJar : add openamp
2024-01-09 18:07:16,459 [INFO] IPUIPlugin:80 - create IPUIPlugin
2024-01-09 18:07:16,459 [INFO] PluginManager:220 - loadIPPluginJar : add stm32_wpan
2024-01-09 18:07:16,463 [INFO] IPUIPlugin:80 - create IPUIPlugin
2024-01-09 18:07:16,473 [INFO] PluginManager:220 - loadIPPluginJar : add plateformsettings
2024-01-09 18:07:16,476 [INFO] IPUIPlugin:80 - create IPUIPlugin
2024-01-09 18:07:16,476 [INFO] PluginManager:220 - loadIPPluginJar : add ipddr
2024-01-09 18:07:16,477 [INFO] IPUIPlugin:80 - create IPUIPlugin
2024-01-09 18:07:16,477 [INFO] PluginManager:220 - loadIPPluginJar : add usart
2024-01-09 18:07:16,479 [INFO] IPUIPlugin:80 - create IPUIPlugin
2024-01-09 18:07:16,479 [INFO] PluginManager:220 - loadIPPluginJar : add ltdc
2024-01-09 18:07:16,481 [INFO] IPUIPlugin:80 - create IPUIPlugin
2024-01-09 18:07:16,481 [INFO] PluginManager:220 - loadIPPluginJar : add nvic
2024-01-09 18:07:16,482 [INFO] IPUIPlugin:80 - create IPUIPlugin
2024-01-09 18:07:16,482 [INFO] PluginManager:220 - loadIPPluginJar : add fatfs
2024-01-09 18:07:16,486 [INFO] IPUIPlugin:80 - create IPUIPlugin
2024-01-09 18:07:16,486 [INFO] PluginManager:220 - loadIPPluginJar : add linkedlist
2024-01-09 18:07:16,490 [INFO] IPUIPlugin:80 - create IPUIPlugin
2024-01-09 18:07:16,491 [INFO] PluginManager:220 - loadIPPluginJar : add dma
2024-01-09 18:07:16,494 [INFO] IPUIPlugin:80 - create IPUIPlugin
2024-01-09 18:07:16,494 [INFO] PluginManager:220 - loadIPPluginJar : add fmc
2024-01-09 18:07:16,495 [INFO] IPUIPlugin:80 - create IPUIPlugin
2024-01-09 18:07:16,495 [INFO] PluginManager:220 - loadIPPluginJar : add i2s
2024-01-09 18:07:16,496 [INFO] IPUIPlugin:80 - create IPUIPlugin
2024-01-09 18:07:16,496 [INFO] PluginManager:220 - loadIPPluginJar : add ucpd
2024-01-09 18:07:16,497 [INFO] IPUIPlugin:80 - create IPUIPlugin
2024-01-09 18:07:16,498 [INFO] PluginManager:220 - loadIPPluginJar : add lorawan
2024-01-09 18:07:16,500 [INFO] IPUIPlugin:80 - create IPUIPlugin
2024-01-09 18:07:16,500 [INFO] PluginManager:220 - loadIPPluginJar : add opamp
2024-01-09 18:07:16,502 [INFO] IPUIPlugin:80 - create IPUIPlugin
2024-01-09 18:07:16,502 [INFO] PluginManager:220 - loadIPPluginJar : add i3c
2024-01-09 18:07:16,503 [INFO] IPUIPlugin:80 - create IPUIPlugin
2024-01-09 18:07:16,504 [INFO] PluginManager:220 - loadIPPluginJar : add touchsensing
2024-01-09 18:07:16,505 [INFO] IPUIPlugin:80 - create IPUIPlugin
2024-01-09 18:07:16,505 [INFO] PluginManager:220 - loadIPPluginJar : add i2c
2024-01-09 18:07:16,508 [INFO] IPUIPlugin:80 - create IPUIPlugin
2024-01-09 18:07:16,508 [INFO] PluginManager:220 - loadIPPluginJar : add resmgrutility
2024-01-09 18:07:16,510 [INFO] IPUIPlugin:80 - create IPUIPlugin
2024-01-09 18:07:16,510 [INFO] PluginManager:220 - loadIPPluginJar : add sai
2024-01-09 18:07:16,512 [INFO] IPUIPlugin:80 - create IPUIPlugin
2024-01-09 18:07:16,512 [INFO] PluginManager:220 - loadIPPluginJar : add usbx
2024-01-09 18:07:16,688 [INFO] CADModel:165 - CPN selected for project level
2024-01-09 18:07:16,691 [INFO] CADModel:114 - Register for checkConnection events
2024-01-09 18:07:16,691 [FATAL] Updater:308 - Updater called before beeing initialized
2024-01-09 18:07:16,691 [ERROR] CADModel:125 - Updater not yet initialized, retry later 
2024-01-09 18:07:17,048 [INFO] CADModel:165 - CPN selected for project level
2024-01-09 18:07:17,048 [INFO] CADModel:114 - Register for checkConnection events
2024-01-09 18:07:17,048 [FATAL] Updater:308 - Updater called before beeing initialized
2024-01-09 18:07:17,048 [ERROR] CADModel:125 - Updater not yet initialized, retry later 
2024-01-09 18:07:17,051 [FATAL] Updater:308 - Updater called before beeing initialized
2024-01-09 18:07:17,212 [FATAL] Updater:308 - Updater called before beeing initialized
2024-01-09 18:07:17,217 [INFO] DbMcusAds:53 - JSON generation date=Wed Nov 29 13:52:27 TRT 2023 (1701255147349)
2024-01-09 18:07:17,217 [FATAL] Updater:308 - Updater called before beeing initialized
2024-01-09 18:07:18,301 [WARN] DetailPanel:346 - Failed to get advertising image, set to default
2024-01-09 18:07:18,459 [FATAL] Updater:308 - Updater called before beeing initialized
2024-01-09 18:07:18,470 [FATAL] Updater:308 - Updater called before beeing initialized
2024-01-09 18:07:18,470 [FATAL] Updater:308 - Updater called before beeing initialized
2024-01-09 18:07:18,472 [WARN] DetailPanel:346 - Failed to get advertising image, set to default
2024-01-09 18:07:18,482 [FATAL] Updater:308 - Updater called before beeing initialized
2024-01-09 18:07:18,593 [ERROR] Updater:1120 - MainUpdater not yet initialized. External WinMGr cannot be set.
2024-01-09 18:07:18,625 [INFO] ThirdPartyUpdaterWithRetryManager:70 - Updater plugin not ready yet. [2/15]
2024-01-09 18:07:18,637 [INFO] Updater:1056 - Updater Version found : 6.10.0
2024-01-09 18:07:18,652 [INFO] ApplicationProperties:184 - Using Application install path: /Applications/STM32CubeIDE.app/Contents/Eclipse/plugins/com.st.stm32cube.common.mx_6.10.0.202311202037
2024-01-09 18:07:19,190 [INFO] MainUpdater:2873 - connection check result : 10
2024-01-09 18:07:19,191 [INFO] MainUpdater:3567 - Updater definition file requires update
2024-01-09 18:07:19,192 [INFO] MainUpdater:290 - Updater Check For Update Now.
2024-01-09 18:07:19,193 [INFO] MicroXplorer:498 - Change Database Version : DB.6.0.100
2024-01-09 18:07:19,201 [INFO] McuFinderGlobals:63 - Set McuFinder mode to 2 (CubeIDE integrated)
2024-01-09 18:07:19,301 [INFO] ServerAccessManage:473 - Download File updaters.zip
2024-01-09 18:07:19,458 [INFO] FileExtend:240 - Unzip File : updaters.zip
2024-01-09 18:07:19,459 [INFO] FileExtend:255 - Standard Zip Deflate
2024-01-09 18:07:19,832 [INFO] ServerAccessManage:473 - Download File PacksControlFlags.xml
2024-01-09 18:07:19,916 [INFO] UserAuth:404 - Internet connection configuration mode: 1
2024-01-09 18:07:19,951 [INFO] JxBrowserEngine:152 - Initiate JxBrowser Engine with user profile folder
2024-01-09 18:07:20,076 [INFO] ServerAccessManage:473 - Download File cubemx.pidx
2024-01-09 18:07:20,275 [INFO] LoadServerUpdatesThread:375 - End of LoadServerUpdate Thread
2024-01-09 18:07:20,526 [INFO] CheckServerUpdateThread:120 - End of CheckServer Thread
2024-01-09 18:07:21,754 [WARN] PackLoader:240 - Cannot read IP mode file for STMicroelectronics.X-CUBE-SMBUS.2.1.0
2024-01-09 18:07:21,773 [WARN] PackLoader:240 - Cannot read IP mode file for STMicroelectronics.X-CUBE-TOUCHGFX.4.23.0
2024-01-09 18:07:21,813 [WARN] PackLoader:240 - Cannot read IP mode file for STMicroelectronics.X-CUBE-AZRTOS-F7.1.1.0
2024-01-09 18:07:21,840 [WARN] PackLoader:240 - Cannot read IP mode file for STMicroelectronics.FP-SNS-MOTENV1.4.3.2
2024-01-09 18:07:21,872 [WARN] PackLoader:240 - Cannot read IP mode file for STMicroelectronics.FP-SNS-FLIGHT1.5.0.2
2024-01-09 18:07:21,896 [WARN] PackLoader:240 - Cannot read IP mode file for STMicroelectronics.X-CUBE-DISPLAY.3.0.0
2024-01-09 18:07:21,925 [WARN] PackLoader:240 - Cannot read IP mode file for STMicroelectronics.X-CUBE-BLE1.7.0.0
2024-01-09 18:07:21,951 [WARN] PackLoader:240 - Cannot read IP mode file for emotas.I-CUBE-CANOPEN.1.3.0
2024-01-09 18:07:21,969 [WARN] PackLoader:240 - Cannot read IP mode file for STMicroelectronics.X-CUBE-TOUCHGFX.4.22.1
2024-01-09 18:07:21,986 [WARN] PackLoader:240 - Cannot read IP mode file for STMicroelectronics.FP-SNS-SMARTAG2.1.2.0
2024-01-09 18:07:22,016 [INFO] LogOutputStream:77 - [STDOUT_REDIRECT] 1 : Invalid condition id : UX_CORESTACK_Condition cause : null
2024-01-09 18:07:22,017 [INFO] LogOutputStream:77 - [STDOUT_REDIRECT] 1 : Invalid condition id : UX_CORESTACK_Condition cause : null
2024-01-09 18:07:22,018 [INFO] LogOutputStream:77 - [STDOUT_REDIRECT] 1 : Invalid condition id : UX_CORESTACK_Condition cause : null
2024-01-09 18:07:22,019 [INFO] LogOutputStream:77 - [STDOUT_REDIRECT] 1 : Invalid condition id : UX_CORESTACK_Condition cause : null
2024-01-09 18:07:22,020 [INFO] LogOutputStream:77 - [STDOUT_REDIRECT] 1 : Invalid condition id : UX_CORESTACK_Condition cause : null
2024-01-09 18:07:22,034 [WARN] PackLoader:240 - Cannot read IP mode file for STMicroelectronics.X-CUBE-AZRTOS-WL.2.0.0
2024-01-09 18:07:22,071 [WARN] PackLoader:240 - Cannot read IP mode file for WES.I-CUBE-Cesium.1.3.0
2024-01-09 18:07:22,085 [WARN] PackLoader:240 - Cannot read IP mode file for STMicroelectronics.X-CUBE-BLE2.3.3.0
2024-01-09 18:07:22,110 [WARN] PackLoader:240 - Cannot read IP mode file for STMicroelectronics.X-CUBE-ALGOBUILD.1.3.0
2024-01-09 18:07:22,142 [WARN] PackLoader:240 - Cannot read IP mode file for STMicroelectronics.X-CUBE-AZRTOS-G0.1.1.0
2024-01-09 18:07:22,169 [WARN] PackLoader:240 - Cannot read IP mode file for STMicroelectronics.X-CUBE-NFC4.3.0.0
2024-01-09 18:07:22,229 [WARN] PackLoader:240 - Cannot read IP mode file for STMicroelectronics.X-CUBE-BLEMGR.3.0.0
2024-01-09 18:07:22,247 [WARN] PackLoader:240 - Cannot read IP mode file for STMicroelectronics.FP-ATR-SIGFOX1.3.2.0
2024-01-09 18:07:22,351 [WARN] PackLoader:240 - Cannot read IP mode file for SEGGER.I-CUBE-embOS.1.3.1
2024-01-09 18:07:22,449 [WARN] PackLoader:240 - Cannot read IP mode file for STMicroelectronics.X-CUBE-GNSS1.6.0.0
2024-01-09 18:07:22,484 [WARN] PackLoader:240 - Cannot read IP mode file for STMicroelectronics.X-CUBE-AZRTOS-F4.1.1.0
2024-01-09 18:07:22,501 [WARN] PackLoader:240 - Cannot read IP mode file for wolfSSL.I-CUBE-wolfSSL.5.6.4
2024-01-09 18:07:22,505 [WARN] PackLoader:240 - Cannot read IP mode file for wolfSSL.I-CUBE-wolfSSL.5.6.3
2024-01-09 18:07:22,531 [WARN] PackLoader:240 - Cannot read IP mode file for STMicroelectronics.X-CUBE-AZRTOS-L5.2.0.0
2024-01-09 18:07:22,540 [WARN] PackLoader:240 - Cannot read IP mode file for STMicroelectronics.X-CUBE-EEPRMA1.4.2.0
2024-01-09 18:07:22,546 [WARN] PackLoader:240 - Cannot read IP mode file for ITTIA_DB.I-CUBE-ITTIADB.8.8.0
2024-01-09 18:07:22,560 [WARN] PackLoader:240 - Cannot read IP mode file for STMicroelectronics.X-CUBE-BLEMGR.2.0.0
2024-01-09 18:07:22,593 [WARN] ConditionMgr:438 - getConditionDescription Invalid condition id : UX DEVICE CLASS RTOS Condition cause : null
2024-01-09 18:07:22,594 [WARN] ConditionMgr:438 - getConditionDescription Invalid condition id : UX DEVICE CLASS RTOS Condition cause : null
2024-01-09 18:07:22,602 [WARN] PackLoader:240 - Cannot read IP mode file for STMicroelectronics.X-CUBE-AZRTOS-H7.3.1.0
2024-01-09 18:07:22,605 [WARN] ConditionMgr:1039 - genDependencies : Invalid condition id : UX DEVICE CLASS RTOS Condition cause : null
2024-01-09 18:07:22,605 [WARN] ConditionMgr:1039 - genDependencies : Invalid condition id : UX DEVICE CLASS RTOS Condition cause : null
2024-01-09 18:07:22,606 [WARN] ConditionMgr:1039 - genDependencies : Invalid condition id : UX DEVICE CLASS RTOS Condition cause : null
2024-01-09 18:07:22,607 [WARN] ConditionMgr:1039 - genDependencies : Invalid condition id : UX DEVICE CLASS RTOS Condition cause : null
2024-01-09 18:07:22,607 [WARN] ConditionMgr:1039 - genDependencies : Invalid condition id : UX DEVICE CLASS RTOS Condition cause : null
2024-01-09 18:07:22,618 [WARN] PackLoader:240 - Cannot read IP mode file for STMicroelectronics.X-CUBE-NFC7.1.0.1
2024-01-09 18:07:22,637 [WARN] PackLoader:240 - Cannot read IP mode file for STMicroelectronics.X-CUBE-NFC6.3.0.0
2024-01-09 18:07:22,649 [WARN] PackLoader:240 - Cannot read IP mode file for STMicroelectronics.X-CUBE-AI.8.1.0
2024-01-09 18:07:22,670 [WARN] ConditionMgr:438 - getConditionDescription Invalid condition id : LAN8742 Phy interface Condition cause : null
2024-01-09 18:07:22,671 [WARN] PackLoader:240 - Cannot read IP mode file for STMicroelectronics.X-CUBE-AZRTOS-L4.2.0.0
2024-01-09 18:07:22,673 [WARN] ConditionMgr:1039 - genDependencies : Invalid condition id : LAN8742 Phy interface Condition cause : null
2024-01-09 18:07:22,674 [WARN] ConditionMgr:1039 - genDependencies : Invalid condition id : LAN8742 Phy interface Condition cause : null
2024-01-09 18:07:22,675 [WARN] ConditionMgr:1039 - genDependencies : Invalid condition id : LAN8742 Phy interface Condition cause : null
2024-01-09 18:07:22,691 [WARN] PackLoader:240 - Cannot read IP mode file for STMicroelectronics.X-CUBE-SFXS2LP1.4.0.0
2024-01-09 18:07:22,702 [WARN] PackLoader:240 - Cannot read IP mode file for STMicroelectronics.X-CUBE-ISPU.1.1.0
2024-01-09 18:07:22,714 [WARN] ConditionMgr:438 - getConditionDescription Invalid condition id : UX DEVICE CLASS RTOS Condition cause : null
2024-01-09 18:07:22,714 [WARN] ConditionMgr:438 - getConditionDescription Invalid condition id : UX DEVICE CLASS RTOS Condition cause : null
2024-01-09 18:07:22,718 [WARN] PackLoader:240 - Cannot read IP mode file for STMicroelectronics.X-CUBE-AZRTOS-WB.2.0.0
2024-01-09 18:07:22,719 [WARN] ConditionMgr:1039 - genDependencies : Invalid condition id : UX DEVICE CLASS RTOS Condition cause : null
2024-01-09 18:07:22,720 [WARN] ConditionMgr:1039 - genDependencies : Invalid condition id : UX DEVICE CLASS RTOS Condition cause : null
2024-01-09 18:07:22,720 [WARN] ConditionMgr:1039 - genDependencies : Invalid condition id : UX DEVICE CLASS RTOS Condition cause : null
2024-01-09 18:07:22,721 [WARN] ConditionMgr:1039 - genDependencies : Invalid condition id : UX DEVICE CLASS RTOS Condition cause : null
2024-01-09 18:07:22,721 [WARN] ConditionMgr:1039 - genDependencies : Invalid condition id : UX DEVICE CLASS RTOS Condition cause : null
2024-01-09 18:07:22,735 [WARN] PackLoader:240 - Cannot read IP mode file for STMicroelectronics.X-CUBE-SUBG2.5.0.0
2024-01-09 18:07:22,753 [WARN] PackLoader:240 - Cannot read IP mode file for STMicroelectronics.X-CUBE-TOF1.3.3.1
2024-01-09 18:07:22,777 [WARN] PackLoader:240 - Cannot read IP mode file for STMicroelectronics.X-CUBE-AZRTOS-G4.2.0.0
2024-01-09 18:07:22,807 [WARN] PackLoader:240 - Cannot read IP mode file for Infineon.AIROC-Wi-Fi-Bluetooth-STM32.1.5.1
2024-01-09 18:07:22,819 [WARN] PackLoader:240 - Cannot read IP mode file for STMicroelectronics.FP-SNS-MOTENVWB1.1.3.0
2024-01-09 18:07:22,823 [WARN] PackLoader:240 - Cannot read IP mode file for STMicroelectronics.FP-SNS-MOTENVWB1.1.3.1
2024-01-09 18:07:22,827 [WARN] PackLoader:240 - Cannot read IP mode file for STMicroelectronics.X-CUBE-ISPU.2.0.0
2024-01-09 18:07:22,890 [WARN] PackLoader:240 - Cannot read IP mode file for STMicroelectronics.X-CUBE-MEMS1.10.0.0
2024-01-09 18:07:23,007 [WARN] PackLoader:240 - Cannot read IP mode file for STMicroelectronics.X-CUBE-FREERTOS.1.1.0
2024-01-09 18:07:23,023 [WARN] PackLoader:240 - Cannot read IP mode file for portGmbH.I-Cube-SoM-uGOAL.1.1.0
2024-01-09 18:07:23,028 [WARN] PackLoader:240 - Cannot read IP mode file for STMicroelectronics.X-CUBE-ALS.1.0.1
2024-01-09 18:07:23,037 [WARN] PackLoader:240 - Cannot read IP mode file for STMicroelectronics.FP-ATR-ASTRA1.2.0.0
2024-01-09 18:07:23,054 [WARN] PackLoader:240 - Cannot read IP mode file for STMicroelectronics.X-CUBE-TOF1.3.4.0
2024-01-09 18:07:23,088 [WARN] PackLoader:240 - Cannot read IP mode file for STMicroelectronics.X-CUBE-AZRTOS-H7.3.2.0
2024-01-09 18:07:23,093 [INFO] ThirdParty:978 - Integrity check success = true
2024-01-09 18:07:23,094 [INFO] IntegrityCheckThread:100 - exiting critical section [integrity check]
2024-01-09 18:07:23,094 [INFO] IntegrityCheckThread:103 - End integrity checks thread
2024-01-09 18:07:27,135 [INFO] WebApp:161 - Instantiating new browser for Auth
2024-01-09 18:07:28,365 [INFO] WebApp:780 - Register for checkConnection events
2024-01-09 18:07:28,367 [INFO] WebApp:414 - Apply proxy settings
2024-01-09 18:07:28,401 [INFO] WebApp:459 - Chromium authenticates against Manually configured proxy
2024-01-09 18:07:28,437 [INFO] WebApp:467 - Username used for proxy authentication: 
2024-01-09 18:07:28,639 [INFO] WebApp:192 - Starting web application
2024-01-09 18:07:28,641 [INFO] WebApp:544 - Web application path used /Applications/STM32CubeIDE.app/Contents/Eclipse/plugins/com.st.stm32cube.common.mx_6.10.0.202311202037/db/plugins/mcufinder/reactClient1/index.html
2024-01-09 18:07:50,145 [ERROR] LogOutputStream:75 - [STDERR_REDIRECT] SLF4J: Failed to load class "org.slf4j.impl.StaticLoggerBinder".
2024-01-09 18:07:50,147 [ERROR] LogOutputStream:75 - [STDERR_REDIRECT] SLF4J: Defaulting to no-operation (NOP) logger implementation
2024-01-09 18:07:50,148 [ERROR] LogOutputStream:75 - [STDERR_REDIRECT] SLF4J: See http://www.slf4j.org/codes.html#StaticLoggerBinder for further details.
