2023-12-25 16:12:39,694 [INFO] Activator:176 - 


2023-12-25 16:12:39,696 [INFO] Activator:177 - !SESSION log4j initialized
2023-12-25 16:12:41,223 [ERROR] LogOutputStream:75 - [STDERR_REDIRECT] 
2023-12-25 16:12:41,962 [INFO] LogOutputStream:77 - [STDOUT_REDIRECT] 
2023-12-25 16:12:43,672 [INFO] LogOutputStream:77 - [STDOUT_REDIRECT] 
2023-12-25 16:12:45,600 [INFO] ApplicationProperties:184 - Using Application install path: /Applications/STM32CubeIDE.app/Contents/Eclipse/plugins/com.st.stm32cube.common.mx_6.10.0.202311202037
2023-12-25 16:12:45,613 [INFO] DbMcusXml:78 - Set database path to: /Applications/STM32CubeIDE.app/Contents/Eclipse/plugins/com.st.stm32cube.common.mx_6.10.0.202311202037//db//mcu/
2023-12-25 16:12:45,613 [INFO] ApiDb:274 - Set plugin database path to: /Applications/STM32CubeIDE.app/Contents/Eclipse/plugins/com.st.stm32cube.common.mx_6.10.0.202311202037//db//plugins/boardmanager/
2023-12-25 16:12:45,614 [WARN] ApiDb:259 - Overriding images path with different value:  => /Applications/STM32CubeIDE.app/Contents/Eclipse/plugins/com.st.stm32cube.common.mx_6.10.0.202311202037//db//plugins/mcufinder/images/
2023-12-25 16:12:45,619 [INFO] ApiDb:250 - Set database path to: /Users/aliacan/.stmcufinder/plugins/mcufinder//mcu/
2023-12-25 16:12:45,620 [INFO] DbMcusAds:125 - Set database path to: /Users/aliacan/.stmcufinder/plugins/mcufinder//mcu/
2023-12-25 16:12:45,622 [INFO] CrossReferenceDbSqlite:203 - Set database path to: /Users/aliacan/.stmcufinder/plugins/mcufinder//mcu/cs/
2023-12-25 16:12:45,770 [INFO] RulesReader:64 - Compatibility file has been processed (297 Rules)
2023-12-25 16:12:45,831 [INFO] DbMcusXml:78 - Set database path to: /Applications/STM32CubeIDE.app/Contents/Eclipse/plugins/com.st.stm32cube.common.mx_6.10.0.202311202037//db//mcu/
2023-12-25 16:12:45,832 [INFO] ApiDb:274 - Set plugin database path to: /Applications/STM32CubeIDE.app/Contents/Eclipse/plugins/com.st.stm32cube.common.mx_6.10.0.202311202037//db//plugins/boardmanager/
2023-12-25 16:12:45,833 [INFO] ApiDb:261 - Set plugin images path to: /Applications/STM32CubeIDE.app/Contents/Eclipse/plugins/com.st.stm32cube.common.mx_6.10.0.202311202037//db//plugins/mcufinder/images/
2023-12-25 16:12:45,833 [WARN] DbFile:41 - Overriding database path with different value: /Users/aliacan/.stmcufinder/plugins/mcufinder/ => /Users/aliacan/.stmcufinder/plugins/mcufinder
2023-12-25 16:12:45,833 [INFO] ApiDb:250 - Set database path to: /Users/aliacan/.stmcufinder/plugins/mcufinder//mcu/
2023-12-25 16:12:45,833 [WARN] DbFile:41 - Overriding database path with different value: /Users/aliacan/.stmcufinder/plugins/mcufinder/ => /Users/aliacan/.stmcufinder/plugins/mcufinder
2023-12-25 16:12:45,833 [INFO] DbMcusAds:125 - Set database path to: /Users/aliacan/.stmcufinder/plugins/mcufinder//mcu/
2023-12-25 16:12:45,833 [WARN] DbFile:41 - Overriding database path with different value: /Users/aliacan/.stmcufinder/plugins/mcufinder/ => /Users/aliacan/.stmcufinder/plugins/mcufinder
2023-12-25 16:12:45,833 [WARN] DbFile:41 - Overriding database path with different value: /Users/aliacan/.stmcufinder/plugins/mcufinder/ => /Users/aliacan/.stmcufinder/plugins/mcufinder
2023-12-25 16:12:45,834 [INFO] CrossReferenceDbSqlite:203 - Set database path to: /Users/aliacan/.stmcufinder/plugins/mcufinder//mcu/cs/
2023-12-25 16:12:45,906 [INFO] MainPanel:264 - HeapMemory: 268435456
2023-12-25 16:12:45,985 [INFO] DbMcusXml:78 - Set database path to: /Applications/STM32CubeIDE.app/Contents/Eclipse/plugins/com.st.stm32cube.common.mx_6.10.0.202311202037//db//mcu/
2023-12-25 16:12:45,986 [INFO] ApiDb:274 - Set plugin database path to: /Applications/STM32CubeIDE.app/Contents/Eclipse/plugins/com.st.stm32cube.common.mx_6.10.0.202311202037//db//plugins/boardmanager/
2023-12-25 16:12:45,986 [INFO] ApiDb:261 - Set plugin images path to: /Applications/STM32CubeIDE.app/Contents/Eclipse/plugins/com.st.stm32cube.common.mx_6.10.0.202311202037//db//plugins/mcufinder/images/
2023-12-25 16:12:45,987 [WARN] DbFile:41 - Overriding database path with different value: /Users/aliacan/.stmcufinder/plugins/mcufinder/ => /Users/aliacan/.stmcufinder/plugins/mcufinder
2023-12-25 16:12:45,987 [INFO] ApiDb:250 - Set database path to: /Users/aliacan/.stmcufinder/plugins/mcufinder//mcu/
2023-12-25 16:12:45,987 [WARN] DbFile:41 - Overriding database path with different value: /Users/aliacan/.stmcufinder/plugins/mcufinder/ => /Users/aliacan/.stmcufinder/plugins/mcufinder
2023-12-25 16:12:45,987 [INFO] DbMcusAds:125 - Set database path to: /Users/aliacan/.stmcufinder/plugins/mcufinder//mcu/
2023-12-25 16:12:45,987 [WARN] DbFile:41 - Overriding database path with different value: /Users/aliacan/.stmcufinder/plugins/mcufinder/ => /Users/aliacan/.stmcufinder/plugins/mcufinder
2023-12-25 16:12:45,987 [WARN] DbFile:41 - Overriding database path with different value: /Users/aliacan/.stmcufinder/plugins/mcufinder/ => /Users/aliacan/.stmcufinder/plugins/mcufinder
2023-12-25 16:12:45,987 [INFO] CrossReferenceDbSqlite:203 - Set database path to: /Users/aliacan/.stmcufinder/plugins/mcufinder//mcu/cs/
2023-12-25 16:12:46,003 [INFO] ApplicationProperties:184 - Using Application install path: /Applications/STM32CubeIDE.app/Contents/Eclipse/plugins/com.st.stm32cube.common.mx_6.10.0.202311202037
2023-12-25 16:12:46,004 [INFO] PluginManage:196 - Search for loadable plugins [exclusion list=, ]
2023-12-25 16:12:46,006 [INFO] PluginManage:310 - Check plugin analytics
2023-12-25 16:12:46,288 [INFO] AnalyticsPlugin:253 - Accepted Software Licenses: 
2023-12-25 16:12:46,290 [INFO] AnalyticsPlugin:255 - Accepted CMSIS Pack Licenses: 
2023-12-25 16:12:46,290 [INFO] AnalyticsPlugin:257 - Accepted Firmware Licenses: 
2023-12-25 16:12:46,319 [INFO] PluginManage:359 - Loaded plugin analytics (category:tool,tabindex:-1)
2023-12-25 16:12:46,322 [INFO] PluginManage:310 - Check plugin cadmodel
2023-12-25 16:12:46,712 [INFO] CADModel:105 - Init CAD model plugin
2023-12-25 16:12:46,713 [INFO] PluginManage:359 - Loaded plugin cadmodel (category:power,tabindex:5)
2023-12-25 16:12:46,714 [INFO] PluginManage:310 - Check plugin clock
2023-12-25 16:12:46,919 [INFO] PluginManage:359 - Loaded plugin clock (category:base,tabindex:2)
2023-12-25 16:12:46,920 [INFO] PluginManage:310 - Check plugin ddr
2023-12-25 16:12:46,922 [INFO] PluginManage:359 - Loaded plugin ddr (category:tool,tabindex:6)
2023-12-25 16:12:46,922 [INFO] PluginManage:310 - Check plugin filemanager
2023-12-25 16:12:47,078 [ERROR] LogOutputStream:75 - [STDERR_REDIRECT] [Fatal Error] :2:10: DOCTYPE is disallowed when the feature "http://apache.org/xml/features/disallow-doctype-decl" set to true.
2023-12-25 16:12:47,079 [ERROR] LogOutputStream:75 - [STDERR_REDIRECT] 
2023-12-25 16:12:47,136 [INFO] PluginManage:359 - Loaded plugin filemanager (category:base,tabindex:10)
2023-12-25 16:12:47,136 [INFO] PluginManage:310 - Check plugin ipmanager
2023-12-25 16:12:47,143 [INFO] PluginManage:359 - Loaded plugin ipmanager (category:base,tabindex:5)
2023-12-25 16:12:47,143 [INFO] PluginManage:310 - Check plugin lpbam
2023-12-25 16:12:47,153 [INFO] PluginManage:359 - Loaded plugin lpbam (category:base,tabindex:0)
2023-12-25 16:12:47,153 [INFO] PluginManage:310 - Check plugin memorymap
2023-12-25 16:12:47,164 [INFO] PluginManage:359 - Loaded plugin memorymap (category:base,tabindex:4)
2023-12-25 16:12:47,164 [INFO] PluginManage:310 - Check plugin pinoutandconfiguration
2023-12-25 16:12:47,169 [INFO] PluginManage:359 - Loaded plugin pinoutandconfiguration (category:base,tabindex:1)
2023-12-25 16:12:47,169 [INFO] PluginManage:310 - Check plugin pinoutconfig
2023-12-25 16:12:47,269 [WARN] SupportedApi:132 - Cannot load RTOS API schema: s4s-elt-must-match.1: The content of 'definitions' must match (annotation?, (simpleType | complexType)?, (unique | key | keyref)*)). A problem was found starting at: attribute.
2023-12-25 16:12:47,583 [INFO] PluginManage:359 - Loaded plugin pinoutconfig (category:base,tabindex:0)
2023-12-25 16:12:47,584 [INFO] PluginManage:310 - Check plugin power
2023-12-25 16:12:47,606 [INFO] PluginManage:359 - Loaded plugin power (category:power,tabindex:4)
2023-12-25 16:12:47,607 [INFO] PluginManage:310 - Check plugin projectmanager
2023-12-25 16:12:47,639 [INFO] PluginManage:359 - Loaded plugin projectmanager (category:projectmanager,tabindex:3)
2023-12-25 16:12:47,639 [INFO] PluginManage:310 - Check plugin thirdparty
2023-12-25 16:12:47,837 [INFO] PluginManage:359 - Loaded plugin thirdparty (category:base,tabindex:-1)
2023-12-25 16:12:47,837 [WARN] IntegrityCheckThread:84 - waiting for thirdparty lock release [integrity check]
2023-12-25 16:12:47,839 [INFO] PluginManage:310 - Check plugin tools
2023-12-25 16:12:47,839 [INFO] IntegrityCheckThread:86 - entering critical section [integrity check]
2023-12-25 16:12:47,843 [INFO] ThirdPartyUpdaterWithRetryManager:70 - Updater plugin not ready yet. [1/15]
2023-12-25 16:12:47,847 [INFO] PluginManage:359 - Loaded plugin tools (category:base,tabindex:7)
2023-12-25 16:12:47,847 [INFO] PluginManage:310 - Check plugin tutovideos
2023-12-25 16:12:48,033 [INFO] PluginManage:359 - Loaded plugin tutovideos (category:base,tabindex:-1)
2023-12-25 16:12:48,034 [INFO] PluginManage:310 - Check plugin updater
2023-12-25 16:12:48,056 [INFO] PluginManage:359 - Loaded plugin updater (category:base,tabindex:12)
2023-12-25 16:12:48,056 [INFO] PluginManage:310 - Check plugin userauth
2023-12-25 16:12:48,062 [INFO] UserAuth:114 - Init User Auth plugin
2023-12-25 16:12:48,062 [INFO] PluginManage:359 - Loaded plugin userauth (category:base,tabindex:14)
2023-12-25 16:12:48,063 [INFO] PluginManage:283 - PluginManage : Loaded plugins [17]
2023-12-25 16:12:48,313 [INFO] PinOutPanel:1499 - setPackage(No Configuration,No Configuration)
2023-12-25 16:12:48,374 [INFO] CADModel:165 - CPN selected for project level
2023-12-25 16:12:48,375 [INFO] CADModel:114 - Register for checkConnection events
2023-12-25 16:12:48,384 [INFO] IPUIPlugin:80 - create IPUIPlugin
2023-12-25 16:12:48,384 [INFO] PluginManager:220 - loadIPPluginJar : add mdma
2023-12-25 16:12:48,388 [INFO] IPUIPlugin:80 - create IPUIPlugin
2023-12-25 16:12:48,388 [INFO] PluginManager:220 - loadIPPluginJar : add freertos
2023-12-25 16:12:48,390 [INFO] IPUIPlugin:80 - create IPUIPlugin
2023-12-25 16:12:48,390 [INFO] PluginManager:220 - loadIPPluginJar : add gic
2023-12-25 16:12:48,395 [INFO] IPUIPlugin:80 - create IPUIPlugin
2023-12-25 16:12:48,395 [INFO] PluginManager:220 - loadIPPluginJar : add adc
2023-12-25 16:12:48,397 [INFO] IPUIPlugin:80 - create IPUIPlugin
2023-12-25 16:12:48,397 [INFO] PluginManager:220 - loadIPPluginJar : add gtzc
2023-12-25 16:12:48,398 [INFO] IPUIPlugin:80 - create IPUIPlugin
2023-12-25 16:12:48,398 [INFO] PluginManager:220 - loadIPPluginJar : add quadspi
2023-12-25 16:12:48,399 [INFO] IPUIPlugin:80 - create IPUIPlugin
2023-12-25 16:12:48,399 [INFO] PluginManager:220 - loadIPPluginJar : add aes
2023-12-25 16:12:48,401 [INFO] IPUIPlugin:80 - create IPUIPlugin
2023-12-25 16:12:48,401 [INFO] PluginManager:220 - loadIPPluginJar : add pdm2pcm
2023-12-25 16:12:48,403 [INFO] IPUIPlugin:80 - create IPUIPlugin
2023-12-25 16:12:48,403 [INFO] PluginManager:220 - loadIPPluginJar : add hash
2023-12-25 16:12:48,404 [INFO] IPUIPlugin:80 - create IPUIPlugin
2023-12-25 16:12:48,404 [INFO] PluginManager:220 - loadIPPluginJar : add tim
2023-12-25 16:12:48,405 [INFO] IPUIPlugin:80 - create IPUIPlugin
2023-12-25 16:12:48,405 [INFO] PluginManager:220 - loadIPPluginJar : add tsc
2023-12-25 16:12:48,407 [INFO] IPUIPlugin:80 - create IPUIPlugin
2023-12-25 16:12:48,407 [INFO] PluginManager:220 - loadIPPluginJar : add ts
2023-12-25 16:12:48,408 [INFO] IPUIPlugin:80 - create IPUIPlugin
2023-12-25 16:12:48,409 [INFO] PluginManager:220 - loadIPPluginJar : add can
2023-12-25 16:12:48,410 [INFO] IPUIPlugin:80 - create IPUIPlugin
2023-12-25 16:12:48,410 [INFO] PluginManager:220 - loadIPPluginJar : add dma3
2023-12-25 16:12:48,412 [INFO] IPUIPlugin:80 - create IPUIPlugin
2023-12-25 16:12:48,412 [INFO] PluginManager:220 - loadIPPluginJar : add dfsdm
2023-12-25 16:12:48,413 [INFO] IPUIPlugin:80 - create IPUIPlugin
2023-12-25 16:12:48,413 [INFO] PluginManager:220 - loadIPPluginJar : add spi
2023-12-25 16:12:48,415 [INFO] IPUIPlugin:80 - create IPUIPlugin
2023-12-25 16:12:48,415 [INFO] PluginManager:220 - loadIPPluginJar : add gfxmmu
2023-12-25 16:12:48,416 [INFO] IPUIPlugin:80 - create IPUIPlugin
2023-12-25 16:12:48,416 [INFO] PluginManager:220 - loadIPPluginJar : add genericplugin
2023-12-25 16:12:48,418 [INFO] IPUIPlugin:80 - create IPUIPlugin
2023-12-25 16:12:48,418 [INFO] PluginManager:220 - loadIPPluginJar : add cryp
2023-12-25 16:12:48,420 [INFO] IPUIPlugin:80 - create IPUIPlugin
2023-12-25 16:12:48,420 [INFO] PluginManager:220 - loadIPPluginJar : add gpio
2023-12-25 16:12:48,422 [INFO] IPUIPlugin:80 - create IPUIPlugin
2023-12-25 16:12:48,422 [INFO] PluginManager:220 - loadIPPluginJar : add comp
2023-12-25 16:12:48,423 [INFO] IPUIPlugin:80 - create IPUIPlugin
2023-12-25 16:12:48,424 [INFO] PluginManager:220 - loadIPPluginJar : add tracer_emb
2023-12-25 16:12:48,426 [INFO] IPUIPlugin:80 - create IPUIPlugin
2023-12-25 16:12:48,426 [INFO] PluginManager:220 - loadIPPluginJar : add openamp
2023-12-25 16:12:48,429 [INFO] IPUIPlugin:80 - create IPUIPlugin
2023-12-25 16:12:48,429 [INFO] PluginManager:220 - loadIPPluginJar : add stm32_wpan
2023-12-25 16:12:48,433 [INFO] IPUIPlugin:80 - create IPUIPlugin
2023-12-25 16:12:48,436 [INFO] PluginManager:220 - loadIPPluginJar : add plateformsettings
2023-12-25 16:12:48,439 [INFO] IPUIPlugin:80 - create IPUIPlugin
2023-12-25 16:12:48,439 [INFO] PluginManager:220 - loadIPPluginJar : add ipddr
2023-12-25 16:12:48,442 [INFO] IPUIPlugin:80 - create IPUIPlugin
2023-12-25 16:12:48,443 [INFO] PluginManager:220 - loadIPPluginJar : add usart
2023-12-25 16:12:48,443 [INFO] IPUIPlugin:80 - create IPUIPlugin
2023-12-25 16:12:48,443 [INFO] PluginManager:220 - loadIPPluginJar : add ltdc
2023-12-25 16:12:48,445 [INFO] IPUIPlugin:80 - create IPUIPlugin
2023-12-25 16:12:48,445 [INFO] PluginManager:220 - loadIPPluginJar : add nvic
2023-12-25 16:12:48,446 [INFO] IPUIPlugin:80 - create IPUIPlugin
2023-12-25 16:12:48,446 [INFO] PluginManager:220 - loadIPPluginJar : add fatfs
2023-12-25 16:12:48,451 [INFO] IPUIPlugin:80 - create IPUIPlugin
2023-12-25 16:12:48,451 [INFO] PluginManager:220 - loadIPPluginJar : add linkedlist
2023-12-25 16:12:48,454 [INFO] IPUIPlugin:80 - create IPUIPlugin
2023-12-25 16:12:48,454 [INFO] PluginManager:220 - loadIPPluginJar : add dma
2023-12-25 16:12:48,456 [INFO] IPUIPlugin:80 - create IPUIPlugin
2023-12-25 16:12:48,456 [INFO] PluginManager:220 - loadIPPluginJar : add fmc
2023-12-25 16:12:48,457 [INFO] IPUIPlugin:80 - create IPUIPlugin
2023-12-25 16:12:48,458 [INFO] PluginManager:220 - loadIPPluginJar : add i2s
2023-12-25 16:12:48,459 [INFO] IPUIPlugin:80 - create IPUIPlugin
2023-12-25 16:12:48,459 [INFO] PluginManager:220 - loadIPPluginJar : add ucpd
2023-12-25 16:12:48,461 [INFO] IPUIPlugin:80 - create IPUIPlugin
2023-12-25 16:12:48,461 [INFO] PluginManager:220 - loadIPPluginJar : add lorawan
2023-12-25 16:12:48,462 [INFO] IPUIPlugin:80 - create IPUIPlugin
2023-12-25 16:12:48,462 [INFO] PluginManager:220 - loadIPPluginJar : add opamp
2023-12-25 16:12:48,464 [INFO] IPUIPlugin:80 - create IPUIPlugin
2023-12-25 16:12:48,464 [INFO] PluginManager:220 - loadIPPluginJar : add i3c
2023-12-25 16:12:48,466 [INFO] IPUIPlugin:80 - create IPUIPlugin
2023-12-25 16:12:48,466 [INFO] PluginManager:220 - loadIPPluginJar : add touchsensing
2023-12-25 16:12:48,467 [INFO] IPUIPlugin:80 - create IPUIPlugin
2023-12-25 16:12:48,467 [INFO] PluginManager:220 - loadIPPluginJar : add i2c
2023-12-25 16:12:48,469 [INFO] IPUIPlugin:80 - create IPUIPlugin
2023-12-25 16:12:48,469 [INFO] PluginManager:220 - loadIPPluginJar : add resmgrutility
2023-12-25 16:12:48,471 [INFO] IPUIPlugin:80 - create IPUIPlugin
2023-12-25 16:12:48,471 [INFO] PluginManager:220 - loadIPPluginJar : add sai
2023-12-25 16:12:48,472 [INFO] IPUIPlugin:80 - create IPUIPlugin
2023-12-25 16:12:48,472 [INFO] PluginManager:220 - loadIPPluginJar : add usbx
2023-12-25 16:12:48,588 [INFO] CADModel:165 - CPN selected for project level
2023-12-25 16:12:48,590 [INFO] CADModel:114 - Register for checkConnection events
2023-12-25 16:12:48,590 [FATAL] Updater:308 - Updater called before beeing initialized
2023-12-25 16:12:48,590 [ERROR] CADModel:125 - Updater not yet initialized, retry later 
2023-12-25 16:12:48,793 [INFO] CADModel:165 - CPN selected for project level
2023-12-25 16:12:48,793 [INFO] CADModel:114 - Register for checkConnection events
2023-12-25 16:12:48,793 [FATAL] Updater:308 - Updater called before beeing initialized
2023-12-25 16:12:48,793 [ERROR] CADModel:125 - Updater not yet initialized, retry later 
2023-12-25 16:12:48,796 [FATAL] Updater:308 - Updater called before beeing initialized
2023-12-25 16:12:48,951 [FATAL] Updater:308 - Updater called before beeing initialized
2023-12-25 16:12:48,956 [INFO] DbMcusAds:53 - JSON generation date=Wed Nov 29 13:52:27 TRT 2023 (1701255147349)
2023-12-25 16:12:48,956 [FATAL] Updater:308 - Updater called before beeing initialized
2023-12-25 16:12:49,006 [WARN] DetailPanel:346 - Failed to get advertising image, set to default
2023-12-25 16:12:49,074 [FATAL] Updater:308 - Updater called before beeing initialized
2023-12-25 16:12:49,075 [FATAL] Updater:308 - Updater called before beeing initialized
2023-12-25 16:12:49,075 [FATAL] Updater:308 - Updater called before beeing initialized
2023-12-25 16:12:49,075 [WARN] DetailPanel:346 - Failed to get advertising image, set to default
2023-12-25 16:12:49,076 [FATAL] Updater:308 - Updater called before beeing initialized
2023-12-25 16:12:49,151 [ERROR] Updater:1120 - MainUpdater not yet initialized. External WinMGr cannot be set.
2023-12-25 16:12:49,192 [INFO] Updater:1056 - Updater Version found : 6.10.0
2023-12-25 16:12:49,203 [INFO] ApplicationProperties:184 - Using Application install path: /Applications/STM32CubeIDE.app/Contents/Eclipse/plugins/com.st.stm32cube.common.mx_6.10.0.202311202037
2023-12-25 16:12:49,834 [INFO] MainUpdater:2873 - connection check result : 10
2023-12-25 16:12:49,835 [INFO] MainUpdater:290 - Updater Check For Update Now.
2023-12-25 16:12:49,835 [INFO] MicroXplorer:498 - Change Database Version : DB.6.0.100
2023-12-25 16:12:49,846 [INFO] McuFinderGlobals:63 - Set McuFinder mode to 2 (CubeIDE integrated)
2023-12-25 16:12:50,142 [INFO] CheckServerUpdateThread:120 - End of CheckServer Thread
2023-12-25 16:12:50,246 [INFO] UserAuth:404 - Internet connection configuration mode: 1
2023-12-25 16:12:50,252 [INFO] JxBrowserEngine:152 - Initiate JxBrowser Engine with user profile folder
2023-12-25 16:12:50,973 [WARN] PackLoader:240 - Cannot read IP mode file for STMicroelectronics.X-CUBE-SMBUS.2.1.0
2023-12-25 16:12:50,999 [WARN] PackLoader:240 - Cannot read IP mode file for STMicroelectronics.X-CUBE-TOUCHGFX.4.23.0
2023-12-25 16:12:51,052 [WARN] PackLoader:240 - Cannot read IP mode file for STMicroelectronics.X-CUBE-AZRTOS-F7.1.1.0
2023-12-25 16:12:51,107 [WARN] PackLoader:240 - Cannot read IP mode file for STMicroelectronics.FP-SNS-MOTENV1.4.3.2
2023-12-25 16:12:51,181 [WARN] PackLoader:240 - Cannot read IP mode file for STMicroelectronics.FP-SNS-FLIGHT1.5.0.2
2023-12-25 16:12:51,255 [WARN] PackLoader:240 - Cannot read IP mode file for STMicroelectronics.X-CUBE-DISPLAY.3.0.0
2023-12-25 16:12:51,322 [WARN] PackLoader:240 - Cannot read IP mode file for STMicroelectronics.X-CUBE-BLE1.7.0.0
2023-12-25 16:12:51,348 [WARN] PackLoader:240 - Cannot read IP mode file for emotas.I-CUBE-CANOPEN.1.3.0
2023-12-25 16:12:51,361 [WARN] PackLoader:240 - Cannot read IP mode file for STMicroelectronics.X-CUBE-TOUCHGFX.4.22.1
2023-12-25 16:12:51,374 [WARN] PackLoader:240 - Cannot read IP mode file for STMicroelectronics.FP-SNS-SMARTAG2.1.2.0
2023-12-25 16:12:51,397 [INFO] LogOutputStream:77 - [STDOUT_REDIRECT] 1 : Invalid condition id : UX_CORESTACK_Condition cause : null
2023-12-25 16:12:51,401 [INFO] LogOutputStream:77 - [STDOUT_REDIRECT] 1 : Invalid condition id : UX_CORESTACK_Condition cause : null
2023-12-25 16:12:51,402 [INFO] LogOutputStream:77 - [STDOUT_REDIRECT] 1 : Invalid condition id : UX_CORESTACK_Condition cause : null
2023-12-25 16:12:51,403 [INFO] LogOutputStream:77 - [STDOUT_REDIRECT] 1 : Invalid condition id : UX_CORESTACK_Condition cause : null
2023-12-25 16:12:51,404 [INFO] LogOutputStream:77 - [STDOUT_REDIRECT] 1 : Invalid condition id : UX_CORESTACK_Condition cause : null
2023-12-25 16:12:51,415 [WARN] PackLoader:240 - Cannot read IP mode file for STMicroelectronics.X-CUBE-AZRTOS-WL.2.0.0
2023-12-25 16:12:51,449 [WARN] PackLoader:240 - Cannot read IP mode file for WES.I-CUBE-Cesium.1.3.0
2023-12-25 16:12:51,471 [WARN] PackLoader:240 - Cannot read IP mode file for STMicroelectronics.X-CUBE-BLE2.3.3.0
2023-12-25 16:12:51,488 [WARN] PackLoader:240 - Cannot read IP mode file for STMicroelectronics.X-CUBE-ALGOBUILD.1.3.0
2023-12-25 16:12:51,531 [WARN] PackLoader:240 - Cannot read IP mode file for STMicroelectronics.X-CUBE-AZRTOS-G0.1.1.0
2023-12-25 16:12:51,571 [WARN] PackLoader:240 - Cannot read IP mode file for STMicroelectronics.X-CUBE-NFC4.3.0.0
2023-12-25 16:12:51,659 [WARN] PackLoader:240 - Cannot read IP mode file for STMicroelectronics.X-CUBE-BLEMGR.3.0.0
2023-12-25 16:12:51,680 [WARN] PackLoader:240 - Cannot read IP mode file for STMicroelectronics.FP-ATR-SIGFOX1.3.2.0
2023-12-25 16:12:51,774 [WARN] PackLoader:240 - Cannot read IP mode file for SEGGER.I-CUBE-embOS.1.3.1
2023-12-25 16:12:51,949 [WARN] PackLoader:240 - Cannot read IP mode file for STMicroelectronics.X-CUBE-GNSS1.6.0.0
2023-12-25 16:12:51,989 [WARN] PackLoader:240 - Cannot read IP mode file for STMicroelectronics.X-CUBE-AZRTOS-F4.1.1.0
2023-12-25 16:12:52,013 [WARN] PackLoader:240 - Cannot read IP mode file for wolfSSL.I-CUBE-wolfSSL.5.6.4
2023-12-25 16:12:52,017 [WARN] PackLoader:240 - Cannot read IP mode file for wolfSSL.I-CUBE-wolfSSL.5.6.3
2023-12-25 16:12:52,048 [WARN] PackLoader:240 - Cannot read IP mode file for STMicroelectronics.X-CUBE-AZRTOS-L5.2.0.0
2023-12-25 16:12:52,067 [WARN] PackLoader:240 - Cannot read IP mode file for STMicroelectronics.X-CUBE-EEPRMA1.4.2.0
2023-12-25 16:12:52,079 [WARN] PackLoader:240 - Cannot read IP mode file for ITTIA_DB.I-CUBE-ITTIADB.8.8.0
2023-12-25 16:12:52,093 [WARN] PackLoader:240 - Cannot read IP mode file for STMicroelectronics.X-CUBE-BLEMGR.2.0.0
2023-12-25 16:12:52,139 [WARN] ConditionMgr:438 - getConditionDescription Invalid condition id : UX DEVICE CLASS RTOS Condition cause : null
2023-12-25 16:12:52,140 [WARN] ConditionMgr:438 - getConditionDescription Invalid condition id : UX DEVICE CLASS RTOS Condition cause : null
2023-12-25 16:12:52,148 [WARN] PackLoader:240 - Cannot read IP mode file for STMicroelectronics.X-CUBE-AZRTOS-H7.3.1.0
2023-12-25 16:12:52,150 [WARN] ConditionMgr:1039 - genDependencies : Invalid condition id : UX DEVICE CLASS RTOS Condition cause : null
2023-12-25 16:12:52,151 [WARN] ConditionMgr:1039 - genDependencies : Invalid condition id : UX DEVICE CLASS RTOS Condition cause : null
2023-12-25 16:12:52,153 [WARN] ConditionMgr:1039 - genDependencies : Invalid condition id : UX DEVICE CLASS RTOS Condition cause : null
2023-12-25 16:12:52,154 [WARN] ConditionMgr:1039 - genDependencies : Invalid condition id : UX DEVICE CLASS RTOS Condition cause : null
2023-12-25 16:12:52,154 [WARN] ConditionMgr:1039 - genDependencies : Invalid condition id : UX DEVICE CLASS RTOS Condition cause : null
2023-12-25 16:12:52,171 [WARN] PackLoader:240 - Cannot read IP mode file for STMicroelectronics.X-CUBE-NFC7.1.0.1
2023-12-25 16:12:52,192 [WARN] PackLoader:240 - Cannot read IP mode file for STMicroelectronics.X-CUBE-NFC6.3.0.0
2023-12-25 16:12:52,208 [WARN] PackLoader:240 - Cannot read IP mode file for STMicroelectronics.X-CUBE-AI.8.1.0
2023-12-25 16:12:52,232 [WARN] ConditionMgr:438 - getConditionDescription Invalid condition id : LAN8742 Phy interface Condition cause : null
2023-12-25 16:12:52,237 [WARN] PackLoader:240 - Cannot read IP mode file for STMicroelectronics.X-CUBE-AZRTOS-L4.2.0.0
2023-12-25 16:12:52,248 [WARN] ConditionMgr:1039 - genDependencies : Invalid condition id : LAN8742 Phy interface Condition cause : null
2023-12-25 16:12:52,250 [WARN] ConditionMgr:1039 - genDependencies : Invalid condition id : LAN8742 Phy interface Condition cause : null
2023-12-25 16:12:52,251 [WARN] ConditionMgr:1039 - genDependencies : Invalid condition id : LAN8742 Phy interface Condition cause : null
2023-12-25 16:12:52,307 [WARN] PackLoader:240 - Cannot read IP mode file for STMicroelectronics.X-CUBE-SFXS2LP1.4.0.0
2023-12-25 16:12:52,326 [WARN] PackLoader:240 - Cannot read IP mode file for STMicroelectronics.X-CUBE-ISPU.1.1.0
2023-12-25 16:12:52,339 [WARN] ConditionMgr:438 - getConditionDescription Invalid condition id : UX DEVICE CLASS RTOS Condition cause : null
2023-12-25 16:12:52,340 [WARN] ConditionMgr:438 - getConditionDescription Invalid condition id : UX DEVICE CLASS RTOS Condition cause : null
2023-12-25 16:12:52,344 [WARN] PackLoader:240 - Cannot read IP mode file for STMicroelectronics.X-CUBE-AZRTOS-WB.2.0.0
2023-12-25 16:12:52,345 [WARN] ConditionMgr:1039 - genDependencies : Invalid condition id : UX DEVICE CLASS RTOS Condition cause : null
2023-12-25 16:12:52,345 [WARN] ConditionMgr:1039 - genDependencies : Invalid condition id : UX DEVICE CLASS RTOS Condition cause : null
2023-12-25 16:12:52,346 [WARN] ConditionMgr:1039 - genDependencies : Invalid condition id : UX DEVICE CLASS RTOS Condition cause : null
2023-12-25 16:12:52,346 [WARN] ConditionMgr:1039 - genDependencies : Invalid condition id : UX DEVICE CLASS RTOS Condition cause : null
2023-12-25 16:12:52,347 [WARN] ConditionMgr:1039 - genDependencies : Invalid condition id : UX DEVICE CLASS RTOS Condition cause : null
2023-12-25 16:12:52,362 [WARN] PackLoader:240 - Cannot read IP mode file for STMicroelectronics.X-CUBE-SUBG2.5.0.0
2023-12-25 16:12:52,407 [WARN] PackLoader:240 - Cannot read IP mode file for STMicroelectronics.X-CUBE-TOF1.3.3.1
2023-12-25 16:12:52,432 [INFO] McuFinderGlobals:63 - Set McuFinder mode to 2 (CubeIDE integrated)
2023-12-25 16:12:52,444 [INFO] MainUpdater:2873 - connection check result : 10
2023-12-25 16:12:52,468 [WARN] PackLoader:240 - Cannot read IP mode file for STMicroelectronics.X-CUBE-AZRTOS-G4.2.0.0
2023-12-25 16:12:52,520 [WARN] PackLoader:240 - Cannot read IP mode file for Infineon.AIROC-Wi-Fi-Bluetooth-STM32.1.5.1
2023-12-25 16:12:52,561 [WARN] PackLoader:240 - Cannot read IP mode file for STMicroelectronics.FP-SNS-MOTENVWB1.1.3.0
2023-12-25 16:12:52,571 [WARN] PackLoader:240 - Cannot read IP mode file for STMicroelectronics.FP-SNS-MOTENVWB1.1.3.1
2023-12-25 16:12:52,578 [WARN] PackLoader:240 - Cannot read IP mode file for STMicroelectronics.X-CUBE-ISPU.2.0.0
2023-12-25 16:12:52,648 [WARN] PackLoader:240 - Cannot read IP mode file for STMicroelectronics.X-CUBE-MEMS1.10.0.0
2023-12-25 16:12:52,806 [WARN] PackLoader:240 - Cannot read IP mode file for STMicroelectronics.X-CUBE-FREERTOS.1.1.0
2023-12-25 16:12:52,827 [WARN] PackLoader:240 - Cannot read IP mode file for portGmbH.I-Cube-SoM-uGOAL.1.1.0
2023-12-25 16:12:52,839 [WARN] PackLoader:240 - Cannot read IP mode file for STMicroelectronics.X-CUBE-ALS.1.0.1
2023-12-25 16:12:52,851 [WARN] PackLoader:240 - Cannot read IP mode file for STMicroelectronics.FP-ATR-ASTRA1.2.0.0
2023-12-25 16:12:52,876 [WARN] PackLoader:240 - Cannot read IP mode file for STMicroelectronics.X-CUBE-TOF1.3.4.0
2023-12-25 16:12:52,917 [WARN] PackLoader:240 - Cannot read IP mode file for STMicroelectronics.X-CUBE-AZRTOS-H7.3.2.0
2023-12-25 16:12:52,924 [INFO] ThirdParty:978 - Integrity check success = true
2023-12-25 16:12:52,924 [INFO] IntegrityCheckThread:100 - exiting critical section [integrity check]
2023-12-25 16:12:52,924 [INFO] IntegrityCheckThread:103 - End integrity checks thread
2023-12-25 16:12:54,293 [INFO] WebApp:161 - Instantiating new browser for Auth
2023-12-25 16:12:54,691 [INFO] ApiDb:581 - Connected to CubeFinder SQLite database (/Users/aliacan/.stmcufinder/plugins/mcufinder/mcu/cube-finder-db.db)
2023-12-25 16:12:54,764 [INFO] ApiDb:668 - CubeFinder database Data Model version=2.1
2023-12-25 16:12:54,764 [INFO] ApiDb:669 - CubeFinder database Configuration version=3.0.39
2023-12-25 16:12:54,767 [INFO] ApiDb:670 - CubeFinder database generation date=2023-12-08 (1702028721)
2023-12-25 16:12:54,767 [INFO] ApiDb:671 - CubeFinder database FW Pack versions=[FP-ATR-ASTRA1_V2.0.0, FP-SNS-FLIGHT1_V5.0.1, FP-SNS-FLIGHT1_V5.0.2, FP-SNS-MOTENV1_V4.3.1, FP-SNS-MOTENV1_V4.3.2, FP-SNS-MOTENVWB1_V1.3.1, FP-SNS-SMARTAG2_V1.2.0, STM32Cube_FW_C0_V1.1.0, STM32Cube_FW_F4_V1.28.0, STM32Cube_FW_F7_V1.17.0, STM32Cube_FW_G0_V1.6.1, STM32Cube_FW_G4_V1.5.1, STM32Cube_FW_H5_V0.5.1, STM32Cube_FW_H5_V1.1.1, STM32Cube_FW_H5_V1.2.0RC2, STM32Cube_FW_H7_V1.11.0, STM32Cube_FW_L0_V1.12.2, STM32Cube_FW_L5_V1.5.0, STM32Cube_FW_U5_V1.3.0RC4, STM32Cube_FW_U5_V1.4.0, STM32Cube_FW_WBA_V1.0.0RC1, STM32Cube_FW_WBA_V1.1.0RC1, STM32Cube_FW_WBA_V1.2.0, STM32Cube_FW_WBA_V1.2.0RC2, STM32Cube_FW_WB_V1.15.0RC1, STM32Cube_FW_WB_V1.16.0, STM32Cube_FW_WB_V1.16.0RC2, STM32Cube_FW_WB_V1.18.0, STM32Cube_FW_WL_V1.3.0, X-CUBE-ALGOBUILD_V1.3.0, X-CUBE-ALS_V1.0.1, X-CUBE-AZRTOS-F4_V1.1.0, X-CUBE-AZRTOS-F7_V1.1.0, X-CUBE-AZRTOS-G0_V1.1.0, X-CUBE-AZRTOS-G4_V2.0.0, X-CUBE-AZRTOS-H7_V3.1.0, X-CUBE-AZRTOS-L4_V1.0.0, X-CUBE-AZRTOS-L4_V2.0.0, X-CUBE-AZRTOS-L5_V1.1.0, X-CUBE-AZRTOS-WB_V2.0.0, X-CUBE-AZRTOS-WL_V2.0.0, X-CUBE-BLE1_V7.0.0, X-CUBE-BLE2_V3.3.0, X-CUBE-BLEMGR_V3.0.0, X-CUBE-EEPRMA1_V4.1.0, X-CUBE-EEPRMA1_V4.2.0, X-CUBE-FREERTOS_V1.1.0, X-CUBE-GNSS1_V6.0.0, X-CUBE-MEMS1_V10.0.0, X-CUBE-MEMS1_V9.1.0, X-CUBE-MEMS1_V9.4.0, X-CUBE-MEMS1_V9.6.0, X-CUBE-NFC4_V3.0.0, X-CUBE-NFC7_V1.0.1, X-CUBE-SFXS2LP1_V4.0.0, X-CUBE-SUBG2_V5.0.0, X-CUBE-TOF1_V3.4.0]
2023-12-25 16:12:54,943 [INFO] DbBoardsSqlite:226 - include board P-NUCLEO-WB55-NUCLEO as a kit item of type 'Nucleo-64'
2023-12-25 16:12:54,944 [INFO] DbBoardsSqlite:226 - include board P-NUCLEO-WB55-USBDONGLE as a kit item of type 'Nucleo USB Dongle'
2023-12-25 16:12:54,944 [INFO] DbBoardsSqlite:226 - include board STEVAL-IDP005V1 as a kit item of type 'Evaluation Board'
2023-12-25 16:12:54,944 [INFO] DbBoardsSqlite:226 - include board STEVAL-IDP005V2 as a kit item of type 'Evaluation Board'
2023-12-25 16:12:55,052 [INFO] ApiDb:240 - Found 371 in-development CPN: [B-G473E-ZEST1S, B-WB1M-WPAN1, B-WL5M-SUBG1, NUCLEO-C031C6, NUCLEO-H503RB, NUCLEO-H563ZI, NUCLEO-U545RE-Q, NUCLEO-U5A5ZJ-Q, NUCLEO-WBA52CG, NUCLEO-WBA55CG, STEVAL-MKBOXPRO, STEVAL-PROTEUS1, STEVAL-STWINBX1, STM320518-EVAL, STM32C0116-DK, STM32C011D6Y3TR, STM32C011D6Y6TR, STM32C011F4P3, STM32C011F4P6, STM32C011F4U3, STM32C011F4U6TR, STM32C011F6P3, STM32C011F6P6, STM32C011F6U3, STM32C011F6U6TR, STM32C011J4M3, STM32C011J4M6, STM32C011J6M3, STM32C011J6M6, STM32C0316-DK, STM32C031C4T3, STM32C031C4T6, STM32C031C4U3, STM32C031C4U6, STM32C031C6T3, STM32C031C6T6, STM32C031C6U3, STM32C031C6U6, STM32C031F4P3, STM32C031F4P6, STM32C031F6P3, STM32C031F6P6, STM32C031G4U3, STM32C031G4U6, STM32C031G6U3, STM32C031G6U6, STM32C031K4T3, STM32C031K4T6, STM32C031K4U3, STM32C031K4U6, STM32C031K6T3, STM32C031K6T6, STM32C031K6U3, STM32C031K6U6, STM32G071K8TXN, STM32G071K8UXN, STM32G081GBU6N, STM32G081KBT6N, STM32G081KBUXN, STM32G0B1CCT6N, STM32G0B1KCT6, STM32G0B1NEY6TR, STM32G0B1RCT6N, STM32G0C1CCT6, STM32G0C1CCT6N, STM32G0C1CCU6N, STM32G0C1CET6N, STM32G0C1CEU6N, STM32G0C1KCT6, STM32G0C1NEY6TR, STM32G0C1RCI6N, STM32G0C1RCT6N, STM32G0C1REI6N, STM32G0C1RET6N, STM32G0C1VCI6, STM32G0C1VEI6, STM32G471CCT6, STM32G471CCU6, STM32G471CET3, STM32G471CET6, STM32G471CEU3, STM32G471CEU6, STM32G471MCT6, STM32G471MET3, STM32G471MET6, STM32G471MEY6TR, STM32G471QCT6, STM32G471QET3, STM32G471RCT6, STM32G471RET3, STM32G471RET6, STM32G471VCH6, STM32G471VCI6, STM32G471VCT6, STM32G471VEH3, STM32G471VEH6, STM32G471VEI3, STM32G471VEI6, STM32G471VET3, STM32G471VET6, STM32G474CCT6, STM32H503CBT6, STM32H503CBU6, STM32H503EBY6TR, STM32H503KBU6, STM32H503RBT6, STM32H562AGI6, STM32H562AII6, STM32H562IGK6, STM32H562IGT6, STM32H562IIK6, STM32H562IIT6, STM32H562RGT6, STM32H562RGV6, STM32H562RIT6, STM32H562RIV6, STM32H562VGT6, STM32H562VIT6, STM32H562ZGT6, STM32H562ZIT6, STM32H563AGI6, STM32H563AII3Q, STM32H563AII6, STM32H563IGK6, STM32H563IGT6, STM32H563IIK3Q, STM32H563IIK6, STM32H563IIT3Q, STM32H563IIT6, STM32H563MIY3QTR, STM32H563RGT6, STM32H563RGV6, STM32H563RIT6, STM32H563RIV6, STM32H563VGT6, STM32H563VIT3Q, STM32H563VIT6, STM32H563ZGT6, STM32H563ZIT3Q, STM32H563ZIT6, STM32H573AII3Q, STM32H573AII6, STM32H573I-DK, STM32H573IIK3Q, STM32H573IIK6, STM32H573IIT3Q, STM32H573IIT6, STM32H573MIY3QTR, STM32H573RIT6, STM32H573RIV6, STM32H573VIT3Q, STM32H573VIT6, STM32H573ZIT3Q, STM32H573ZIT6, STM32L4R5QGI6STR, STM32MP131AAE3, STM32MP131AAF3, STM32MP131AAG3, STM32MP131CAE3, STM32MP131CAF3, STM32MP131CAG3, STM32MP131DAE7, STM32MP131DAF7, STM32MP131DAG7, STM32MP131FAE7, STM32MP131FAF7, STM32MP131FAG7, STM32MP133AAE3, STM32MP133AAF3, STM32MP133AAG3, STM32MP133CAE3, STM32MP133CAF3, STM32MP133CAG3, STM32MP133DAE7, STM32MP133DAF7, STM32MP133DAG7, STM32MP133FAE7, STM32MP133FAF7, STM32MP133FAG7, STM32MP135AAE3, STM32MP135AAF3, STM32MP135AAG3, STM32MP135CAE3, STM32MP135CAF3, STM32MP135CAG3, STM32MP135DAE7, STM32MP135DAF7, STM32MP135DAG7, STM32MP135F-DK, STM32MP135FAE7, STM32MP135FAF7, STM32MP135FAF7T, STM32MP135FAF7U, STM32MP135FAG7, STM32U535CBT6, STM32U535CBT6Q, STM32U535CBU6, STM32U535CBU6Q, STM32U535CCT6, STM32U535CCT6Q, STM32U535CCU6, STM32U535CCU6Q, STM32U535CET6, STM32U535CET6Q, STM32U535CEU6, STM32U535CEU6Q, STM32U535JEY6QTR, STM32U535NCY6QTR, STM32U535NEY6QTR, STM32U535RBI6, STM32U535RBI6Q, STM32U535RBT6, STM32U535RBT6Q, STM32U535RCI6, STM32U535RCI6Q, STM32U535RCT6, STM32U535RCT6Q, STM32U535REI6, STM32U535REI6Q, STM32U535RET6, STM32U535RET6Q, STM32U535VCI6, STM32U535VCI6Q, STM32U535VCT6, STM32U535VCT6Q, STM32U535VEI6, STM32U535VEI6Q, STM32U535VET6, STM32U535VET6Q, STM32U545CET6, STM32U545CET6Q, STM32U545CEU6, STM32U545CEU6Q, STM32U545JEY6QTR, STM32U545NEY6QTR, STM32U545REI6, STM32U545REI6Q, STM32U545RET6, STM32U545RET6Q, STM32U545VEI6, STM32U545VEI6Q, STM32U545VET6, STM32U545VET6Q, STM32U595AIH6, STM32U595AIH6Q, STM32U595AJH6, STM32U595AJH6Q, STM32U595QII6, STM32U595QII6Q, STM32U595QJI6, STM32U595QJI6Q, STM32U595RIT6, STM32U595RIT6Q, STM32U595RJT6, STM32U595RJT6Q, STM32U595VIT6, STM32U595VIT6Q, STM32U595VJT6, STM32U595VJT6Q, STM32U595ZIT6, STM32U595ZIT6Q, STM32U595ZIY6QTR, STM32U595ZJT6, STM32U595ZJT6Q, STM32U595ZJY6QTR, STM32U599BJY6QTR, STM32U599NIH6Q, STM32U599NJH6Q, STM32U599VIT6Q, STM32U599VJT6, STM32U599VJT6Q, STM32U599ZIT6Q, STM32U599ZIY6QTR, STM32U599ZJT6Q, STM32U599ZJY6QTR, STM32U5A5AJH6, STM32U5A5AJH6Q, STM32U5A5QJI6, STM32U5A5QJI6Q, STM32U5A5RJT6, STM32U5A5RJT6Q, STM32U5A5VJT6, STM32U5A5VJT6Q, STM32U5A5ZJT6, STM32U5A5ZJT6Q, STM32U5A5ZJY6QTR, STM32U5A9BJY6QTR, STM32U5A9J-DK, STM32U5A9NJH6Q, STM32U5A9VJT6Q, STM32U5A9ZJT6Q, STM32U5A9ZJY6QTR, STM32U5F7VIT6, STM32U5F7VIT6Q, STM32U5F7VJT6, STM32U5F7VJT6Q, STM32U5F9BJY6QTR, STM32U5F9NJH6Q, STM32U5F9VIT6Q, STM32U5F9VJT6Q, STM32U5F9ZIJ6QTR, STM32U5F9ZIT6Q, STM32U5F9ZJJ6QTR, STM32U5F9ZJT6Q, STM32U5G7VJT6, STM32U5G7VJT6Q, STM32U5G9BJY6QTR, STM32U5G9J-DK1, STM32U5G9J-DK2, STM32U5G9NJH6Q, STM32U5G9VJT6Q, STM32U5G9ZJJ6QTR, STM32U5G9ZJT6Q, STM32WB1MMCH6, STM32WBA50KEU6, STM32WBA50KEU6TR, STM32WBA50KGU6, STM32WBA50KGU6TR, STM32WBA52CEU6, STM32WBA52CEU6TR, STM32WBA52CEU7, STM32WBA52CEU7TR, STM32WBA52CGU6, STM32WBA52CGU6TR, STM32WBA52CGU6U, STM32WBA52CGU7, STM32WBA52CGU7TR, STM32WBA52KEU6, STM32WBA52KEU6TR, STM32WBA52KGU6, STM32WBA52KGU6TR, STM32WBA54CEU6, STM32WBA54CEU6TR, STM32WBA54CEU7, STM32WBA54CEU7TR, STM32WBA54CGU6, STM32WBA54CGU6TR, STM32WBA54CGU7, STM32WBA54CGU7TR, STM32WBA54KEU6, STM32WBA54KEU6TR, STM32WBA54KEU7, STM32WBA54KEU7TR, STM32WBA54KGU6, STM32WBA54KGU6TR, STM32WBA54KGU7, STM32WBA54KGU7TR, STM32WBA55CEU6, STM32WBA55CEU6TR, STM32WBA55CEU7, STM32WBA55CEU7TR, STM32WBA55CGU6, STM32WBA55CGU6TR, STM32WBA55CGU6U, STM32WBA55CGU7, STM32WBA55CGU7TR, STM32WBA55G-DK1, STM32WBA55HEF6, STM32WBA55HEF7, STM32WBA55HGF6, STM32WBA55HGF7, STM32WBA55UEI6, STM32WBA55UEI6TR, STM32WBA55UEI7, STM32WBA55UEI7TR, STM32WBA55UGI6, STM32WBA55UGI6TR, STM32WBA55UGI7, STM32WBA55UGI7TR, STM32WL5MOCH6, STM32WL5MOCH6TR]
2023-12-25 16:12:55,182 [INFO] BoardInfo:889 - No configuration file found for board P-NUCLEO-WB55
2023-12-25 16:12:55,188 [INFO] DbBoards:161 - Kit is not supported: P-NUCLEO-WB55
2023-12-25 16:12:55,192 [INFO] BoardInfo:889 - No configuration file found for board STEVAL-BFA001V1B
2023-12-25 16:12:55,192 [INFO] DbBoards:161 - Kit is not supported: STEVAL-BFA001V1B
2023-12-25 16:12:55,193 [INFO] BoardInfo:889 - No configuration file found for board STEVAL-BFA001V2B
2023-12-25 16:12:55,193 [INFO] DbBoards:161 - Kit is not supported: STEVAL-BFA001V2B
2023-12-25 16:12:55,320 [INFO] DbBoards:168 - Found 193 boards, 190 are supported
2023-12-25 16:12:55,321 [INFO] DbBoards:169 - Found 193 boards, 3 of them is supported for  Bsp
2023-12-25 16:12:55,325 [INFO] ApiDb:668 - CubeFinder database Data Model version=2.1
2023-12-25 16:12:55,325 [INFO] ApiDb:669 - CubeFinder database Configuration version=3.0.39
2023-12-25 16:12:55,326 [INFO] ApiDb:670 - CubeFinder database generation date=2023-12-08 (1702028721)
2023-12-25 16:12:55,326 [INFO] ApiDb:671 - CubeFinder database FW Pack versions=[FP-ATR-ASTRA1_V2.0.0, FP-SNS-FLIGHT1_V5.0.1, FP-SNS-FLIGHT1_V5.0.2, FP-SNS-MOTENV1_V4.3.1, FP-SNS-MOTENV1_V4.3.2, FP-SNS-MOTENVWB1_V1.3.1, FP-SNS-SMARTAG2_V1.2.0, STM32Cube_FW_C0_V1.1.0, STM32Cube_FW_F4_V1.28.0, STM32Cube_FW_F7_V1.17.0, STM32Cube_FW_G0_V1.6.1, STM32Cube_FW_G4_V1.5.1, STM32Cube_FW_H5_V0.5.1, STM32Cube_FW_H5_V1.1.1, STM32Cube_FW_H5_V1.2.0RC2, STM32Cube_FW_H7_V1.11.0, STM32Cube_FW_L0_V1.12.2, STM32Cube_FW_L5_V1.5.0, STM32Cube_FW_U5_V1.3.0RC4, STM32Cube_FW_U5_V1.4.0, STM32Cube_FW_WBA_V1.0.0RC1, STM32Cube_FW_WBA_V1.1.0RC1, STM32Cube_FW_WBA_V1.2.0, STM32Cube_FW_WBA_V1.2.0RC2, STM32Cube_FW_WB_V1.15.0RC1, STM32Cube_FW_WB_V1.16.0, STM32Cube_FW_WB_V1.16.0RC2, STM32Cube_FW_WB_V1.18.0, STM32Cube_FW_WL_V1.3.0, X-CUBE-ALGOBUILD_V1.3.0, X-CUBE-ALS_V1.0.1, X-CUBE-AZRTOS-F4_V1.1.0, X-CUBE-AZRTOS-F7_V1.1.0, X-CUBE-AZRTOS-G0_V1.1.0, X-CUBE-AZRTOS-G4_V2.0.0, X-CUBE-AZRTOS-H7_V3.1.0, X-CUBE-AZRTOS-L4_V1.0.0, X-CUBE-AZRTOS-L4_V2.0.0, X-CUBE-AZRTOS-L5_V1.1.0, X-CUBE-AZRTOS-WB_V2.0.0, X-CUBE-AZRTOS-WL_V2.0.0, X-CUBE-BLE1_V7.0.0, X-CUBE-BLE2_V3.3.0, X-CUBE-BLEMGR_V3.0.0, X-CUBE-EEPRMA1_V4.1.0, X-CUBE-EEPRMA1_V4.2.0, X-CUBE-FREERTOS_V1.1.0, X-CUBE-GNSS1_V6.0.0, X-CUBE-MEMS1_V10.0.0, X-CUBE-MEMS1_V9.1.0, X-CUBE-MEMS1_V9.4.0, X-CUBE-MEMS1_V9.6.0, X-CUBE-NFC4_V3.0.0, X-CUBE-NFC7_V1.0.1, X-CUBE-SFXS2LP1_V4.0.0, X-CUBE-SUBG2_V5.0.0, X-CUBE-TOF1_V3.4.0]
2023-12-25 16:12:55,464 [INFO] WebApp:780 - Register for checkConnection events
2023-12-25 16:12:55,465 [INFO] WebApp:414 - Apply proxy settings
2023-12-25 16:12:55,489 [INFO] WebApp:459 - Chromium authenticates against Manually configured proxy
2023-12-25 16:12:55,510 [INFO] WebApp:467 - Username used for proxy authentication: 
2023-12-25 16:12:55,676 [INFO] WebApp:192 - Starting web application
2023-12-25 16:12:55,676 [INFO] WebApp:544 - Web application path used /Applications/STM32CubeIDE.app/Contents/Eclipse/plugins/com.st.stm32cube.common.mx_6.10.0.202311202037/db/plugins/mcufinder/reactClient1/index.html
2023-12-25 16:12:56,624 [INFO] ApiDb:240 - Found 371 in-development CPN: [B-G473E-ZEST1S, B-WB1M-WPAN1, B-WL5M-SUBG1, NUCLEO-C031C6, NUCLEO-H503RB, NUCLEO-H563ZI, NUCLEO-U545RE-Q, NUCLEO-U5A5ZJ-Q, NUCLEO-WBA52CG, NUCLEO-WBA55CG, STEVAL-MKBOXPRO, STEVAL-PROTEUS1, STEVAL-STWINBX1, STM320518-EVAL, STM32C0116-DK, STM32C011D6Y3TR, STM32C011D6Y6TR, STM32C011F4P3, STM32C011F4P6, STM32C011F4U3, STM32C011F4U6TR, STM32C011F6P3, STM32C011F6P6, STM32C011F6U3, STM32C011F6U6TR, STM32C011J4M3, STM32C011J4M6, STM32C011J6M3, STM32C011J6M6, STM32C0316-DK, STM32C031C4T3, STM32C031C4T6, STM32C031C4U3, STM32C031C4U6, STM32C031C6T3, STM32C031C6T6, STM32C031C6U3, STM32C031C6U6, STM32C031F4P3, STM32C031F4P6, STM32C031F6P3, STM32C031F6P6, STM32C031G4U3, STM32C031G4U6, STM32C031G6U3, STM32C031G6U6, STM32C031K4T3, STM32C031K4T6, STM32C031K4U3, STM32C031K4U6, STM32C031K6T3, STM32C031K6T6, STM32C031K6U3, STM32C031K6U6, STM32G071K8TXN, STM32G071K8UXN, STM32G081GBU6N, STM32G081KBT6N, STM32G081KBUXN, STM32G0B1CCT6N, STM32G0B1KCT6, STM32G0B1NEY6TR, STM32G0B1RCT6N, STM32G0C1CCT6, STM32G0C1CCT6N, STM32G0C1CCU6N, STM32G0C1CET6N, STM32G0C1CEU6N, STM32G0C1KCT6, STM32G0C1NEY6TR, STM32G0C1RCI6N, STM32G0C1RCT6N, STM32G0C1REI6N, STM32G0C1RET6N, STM32G0C1VCI6, STM32G0C1VEI6, STM32G471CCT6, STM32G471CCU6, STM32G471CET3, STM32G471CET6, STM32G471CEU3, STM32G471CEU6, STM32G471MCT6, STM32G471MET3, STM32G471MET6, STM32G471MEY6TR, STM32G471QCT6, STM32G471QET3, STM32G471RCT6, STM32G471RET3, STM32G471RET6, STM32G471VCH6, STM32G471VCI6, STM32G471VCT6, STM32G471VEH3, STM32G471VEH6, STM32G471VEI3, STM32G471VEI6, STM32G471VET3, STM32G471VET6, STM32G474CCT6, STM32H503CBT6, STM32H503CBU6, STM32H503EBY6TR, STM32H503KBU6, STM32H503RBT6, STM32H562AGI6, STM32H562AII6, STM32H562IGK6, STM32H562IGT6, STM32H562IIK6, STM32H562IIT6, STM32H562RGT6, STM32H562RGV6, STM32H562RIT6, STM32H562RIV6, STM32H562VGT6, STM32H562VIT6, STM32H562ZGT6, STM32H562ZIT6, STM32H563AGI6, STM32H563AII3Q, STM32H563AII6, STM32H563IGK6, STM32H563IGT6, STM32H563IIK3Q, STM32H563IIK6, STM32H563IIT3Q, STM32H563IIT6, STM32H563MIY3QTR, STM32H563RGT6, STM32H563RGV6, STM32H563RIT6, STM32H563RIV6, STM32H563VGT6, STM32H563VIT3Q, STM32H563VIT6, STM32H563ZGT6, STM32H563ZIT3Q, STM32H563ZIT6, STM32H573AII3Q, STM32H573AII6, STM32H573I-DK, STM32H573IIK3Q, STM32H573IIK6, STM32H573IIT3Q, STM32H573IIT6, STM32H573MIY3QTR, STM32H573RIT6, STM32H573RIV6, STM32H573VIT3Q, STM32H573VIT6, STM32H573ZIT3Q, STM32H573ZIT6, STM32L4R5QGI6STR, STM32MP131AAE3, STM32MP131AAF3, STM32MP131AAG3, STM32MP131CAE3, STM32MP131CAF3, STM32MP131CAG3, STM32MP131DAE7, STM32MP131DAF7, STM32MP131DAG7, STM32MP131FAE7, STM32MP131FAF7, STM32MP131FAG7, STM32MP133AAE3, STM32MP133AAF3, STM32MP133AAG3, STM32MP133CAE3, STM32MP133CAF3, STM32MP133CAG3, STM32MP133DAE7, STM32MP133DAF7, STM32MP133DAG7, STM32MP133FAE7, STM32MP133FAF7, STM32MP133FAG7, STM32MP135AAE3, STM32MP135AAF3, STM32MP135AAG3, STM32MP135CAE3, STM32MP135CAF3, STM32MP135CAG3, STM32MP135DAE7, STM32MP135DAF7, STM32MP135DAG7, STM32MP135F-DK, STM32MP135FAE7, STM32MP135FAF7, STM32MP135FAF7T, STM32MP135FAF7U, STM32MP135FAG7, STM32U535CBT6, STM32U535CBT6Q, STM32U535CBU6, STM32U535CBU6Q, STM32U535CCT6, STM32U535CCT6Q, STM32U535CCU6, STM32U535CCU6Q, STM32U535CET6, STM32U535CET6Q, STM32U535CEU6, STM32U535CEU6Q, STM32U535JEY6QTR, STM32U535NCY6QTR, STM32U535NEY6QTR, STM32U535RBI6, STM32U535RBI6Q, STM32U535RBT6, STM32U535RBT6Q, STM32U535RCI6, STM32U535RCI6Q, STM32U535RCT6, STM32U535RCT6Q, STM32U535REI6, STM32U535REI6Q, STM32U535RET6, STM32U535RET6Q, STM32U535VCI6, STM32U535VCI6Q, STM32U535VCT6, STM32U535VCT6Q, STM32U535VEI6, STM32U535VEI6Q, STM32U535VET6, STM32U535VET6Q, STM32U545CET6, STM32U545CET6Q, STM32U545CEU6, STM32U545CEU6Q, STM32U545JEY6QTR, STM32U545NEY6QTR, STM32U545REI6, STM32U545REI6Q, STM32U545RET6, STM32U545RET6Q, STM32U545VEI6, STM32U545VEI6Q, STM32U545VET6, STM32U545VET6Q, STM32U595AIH6, STM32U595AIH6Q, STM32U595AJH6, STM32U595AJH6Q, STM32U595QII6, STM32U595QII6Q, STM32U595QJI6, STM32U595QJI6Q, STM32U595RIT6, STM32U595RIT6Q, STM32U595RJT6, STM32U595RJT6Q, STM32U595VIT6, STM32U595VIT6Q, STM32U595VJT6, STM32U595VJT6Q, STM32U595ZIT6, STM32U595ZIT6Q, STM32U595ZIY6QTR, STM32U595ZJT6, STM32U595ZJT6Q, STM32U595ZJY6QTR, STM32U599BJY6QTR, STM32U599NIH6Q, STM32U599NJH6Q, STM32U599VIT6Q, STM32U599VJT6, STM32U599VJT6Q, STM32U599ZIT6Q, STM32U599ZIY6QTR, STM32U599ZJT6Q, STM32U599ZJY6QTR, STM32U5A5AJH6, STM32U5A5AJH6Q, STM32U5A5QJI6, STM32U5A5QJI6Q, STM32U5A5RJT6, STM32U5A5RJT6Q, STM32U5A5VJT6, STM32U5A5VJT6Q, STM32U5A5ZJT6, STM32U5A5ZJT6Q, STM32U5A5ZJY6QTR, STM32U5A9BJY6QTR, STM32U5A9J-DK, STM32U5A9NJH6Q, STM32U5A9VJT6Q, STM32U5A9ZJT6Q, STM32U5A9ZJY6QTR, STM32U5F7VIT6, STM32U5F7VIT6Q, STM32U5F7VJT6, STM32U5F7VJT6Q, STM32U5F9BJY6QTR, STM32U5F9NJH6Q, STM32U5F9VIT6Q, STM32U5F9VJT6Q, STM32U5F9ZIJ6QTR, STM32U5F9ZIT6Q, STM32U5F9ZJJ6QTR, STM32U5F9ZJT6Q, STM32U5G7VJT6, STM32U5G7VJT6Q, STM32U5G9BJY6QTR, STM32U5G9J-DK1, STM32U5G9J-DK2, STM32U5G9NJH6Q, STM32U5G9VJT6Q, STM32U5G9ZJJ6QTR, STM32U5G9ZJT6Q, STM32WB1MMCH6, STM32WBA50KEU6, STM32WBA50KEU6TR, STM32WBA50KGU6, STM32WBA50KGU6TR, STM32WBA52CEU6, STM32WBA52CEU6TR, STM32WBA52CEU7, STM32WBA52CEU7TR, STM32WBA52CGU6, STM32WBA52CGU6TR, STM32WBA52CGU6U, STM32WBA52CGU7, STM32WBA52CGU7TR, STM32WBA52KEU6, STM32WBA52KEU6TR, STM32WBA52KGU6, STM32WBA52KGU6TR, STM32WBA54CEU6, STM32WBA54CEU6TR, STM32WBA54CEU7, STM32WBA54CEU7TR, STM32WBA54CGU6, STM32WBA54CGU6TR, STM32WBA54CGU7, STM32WBA54CGU7TR, STM32WBA54KEU6, STM32WBA54KEU6TR, STM32WBA54KEU7, STM32WBA54KEU7TR, STM32WBA54KGU6, STM32WBA54KGU6TR, STM32WBA54KGU7, STM32WBA54KGU7TR, STM32WBA55CEU6, STM32WBA55CEU6TR, STM32WBA55CEU7, STM32WBA55CEU7TR, STM32WBA55CGU6, STM32WBA55CGU6TR, STM32WBA55CGU6U, STM32WBA55CGU7, STM32WBA55CGU7TR, STM32WBA55G-DK1, STM32WBA55HEF6, STM32WBA55HEF7, STM32WBA55HGF6, STM32WBA55HGF7, STM32WBA55UEI6, STM32WBA55UEI6TR, STM32WBA55UEI7, STM32WBA55UEI7TR, STM32WBA55UGI6, STM32WBA55UGI6TR, STM32WBA55UGI7, STM32WBA55UGI7TR, STM32WL5MOCH6, STM32WL5MOCH6TR]
2023-12-25 16:12:56,633 [INFO] DbMcus:218 - Found 3930 MCUs, 3930 are supported
2023-12-25 16:12:56,634 [INFO] ApiDb:423 - Load user favorites file /Users/aliacan/.stm32cubeide/favorites.mcus.txt: 0 item(s)
2023-12-25 16:12:56,634 [INFO] ApiDb:427 - User favorites MCUs=[]
2023-12-25 16:12:56,634 [INFO] DbMcus:224 - Set 0 / 0 favorites MCUs
2023-12-25 16:12:56,793 [INFO] ApiDb:423 - Load user favorites file /Users/aliacan/.stm32cubeide/favorites.boards.txt: 1 item(s)
2023-12-25 16:12:56,794 [INFO] ApiDb:427 - User favorites Boards=[NUCLEO-F302R8]
2023-12-25 16:12:56,794 [INFO] DbBoards:198 - Set 1 / 1 favorites Boards
2023-12-25 16:12:56,794 [INFO] McuFinderGlobals:76 - Set McuFinderConnectedMode to true
2023-12-25 16:12:56,810 [INFO] MultiScanPanel:200 - Auto-refresh data requested => check proxy status ongoing
2023-12-25 16:12:56,812 [INFO] FinderPluginLoader:95 - Searching for filters in installed packs
2023-12-25 16:12:58,480 [INFO] LoadUrlFilesThread:185 - End of LoadServerUrlFiles without Thread
2023-12-25 16:12:58,505 [INFO] DetailPanel:341 - Set advertising image to /Users/aliacan/STM32Cube/Repository//en.prom-stm32wl3-mcu-finder.jpg
2023-12-25 16:13:17,152 [ERROR] LogOutputStream:75 - [STDERR_REDIRECT] SLF4J: Failed to load class "org.slf4j.impl.StaticLoggerBinder".
2023-12-25 16:13:17,155 [ERROR] LogOutputStream:75 - [STDERR_REDIRECT] SLF4J: Defaulting to no-operation (NOP) logger implementation
2023-12-25 16:13:17,155 [ERROR] LogOutputStream:75 - [STDERR_REDIRECT] SLF4J: See http://www.slf4j.org/codes.html#StaticLoggerBinder for further details.
2023-12-25 16:25:00,388 [INFO] MainUpdater:2873 - connection check result : 10
2023-12-25 16:25:00,390 [INFO] MainUpdater:2873 - connection check result : 10
2023-12-25 16:25:00,824 [INFO] MicroXplorer:468 - Change Database Path : 
2023-12-25 16:25:00,825 [INFO] MicroXplorer:498 - Change Database Version : DB.6.0.100
2023-12-25 16:25:00,828 [WARN] ThirdParty:871 - waiting for thirdparty lock release [close project]
2023-12-25 16:25:00,828 [INFO] ThirdParty:873 - entering critical section [close project]
2023-12-25 16:25:00,831 [INFO] ThirdParty:883 - exiting critical section [close project]
2023-12-25 16:25:00,835 [INFO] PinOutPanel:1499 - setPackage(No Configuration,No Configuration)
2023-12-25 16:25:00,849 [INFO] UtilMem:75 - Begin LoadConfig() Used Memory: 633417096 Bytes (807403520)
2023-12-25 16:25:00,850 [INFO] MicroXplorer:468 - Change Database Path : 
2023-12-25 16:25:00,850 [INFO] MicroXplorer:498 - Change Database Version : DB.6.0.100
2023-12-25 16:25:00,850 [INFO] OpenFileManager:312 - Change cursor
2023-12-25 16:25:00,995 [INFO] Mcu:2016 - Initializing MCU STM32F302R8Tx STM32F302R8Tx STM32F302R8T6
2023-12-25 16:25:02,471 [INFO] Context:659 - Trying to add GPIOservice into a context  which must be forbidden
2023-12-25 16:25:03,106 [INFO] ImportTextPane:194 - (OptionalMessage_ERROR) Unable to find key (Mcu.ThirdPartyNb) in loaded IOC file
2023-12-25 16:25:03,108 [INFO] ImportTextPane:194 - (OptionalMessage_ERROR) Unable to find key (Mcu.PinsNb) in loaded IOC file
2023-12-25 16:25:03,108 [INFO] ImportTextPane:194 - (OptionalMessage_ERROR) Unable to find key (Mcu.IPNb) in loaded IOC file
2023-12-25 16:25:03,287 [INFO] RtosManager:555 - Registered RTOS mode: class=CMSIS, group=RTOS, mode=CMSIS_V1, owner=FREERTOS
2023-12-25 16:25:03,289 [INFO] RtosManager:555 - Registered RTOS mode: class=CMSIS, group=RTOS2, mode=CMSIS_V2, owner=FREERTOS
2023-12-25 16:25:03,289 [INFO] RtosManager:555 - Registered RTOS mode: class=RTOS, group=Core, mode=CMSIS_V1, owner=FREERTOS
2023-12-25 16:25:03,289 [INFO] RtosManager:555 - Registered RTOS mode: class=RTOS, group=Core, mode=CMSIS_V2, owner=FREERTOS
2023-12-25 16:25:03,289 [WARN] ModelIntegratedComponent:184 - Missing modes for component STMicroelectronics:FreeRTOS:0.0.1:STMicroelectronics:RTOS:FreeRTOS:Core:::10.2.0:
2023-12-25 16:25:03,334 [WARN] ModelIntegratedComponent:63 - No mode defined for component null
2023-12-25 16:25:03,335 [WARN] ModelIntegratedComponent:63 - No mode defined for component null
2023-12-25 16:25:03,335 [WARN] ModelIntegratedComponent:63 - No mode defined for component null
2023-12-25 16:25:03,335 [WARN] ModelIntegratedComponent:63 - No mode defined for component null
2023-12-25 16:25:03,335 [WARN] ModelIntegratedComponent:63 - No mode defined for component null
2023-12-25 16:25:03,335 [WARN] ModelIntegratedComponent:63 - No mode defined for component null
2023-12-25 16:25:03,335 [WARN] ModelIntegratedComponent:63 - No mode defined for component null
2023-12-25 16:25:03,335 [WARN] ModelIntegratedComponent:63 - No mode defined for component null
2023-12-25 16:25:03,335 [WARN] ModelIntegratedComponent:63 - No mode defined for component null
2023-12-25 16:25:03,335 [WARN] ModelIntegratedComponent:63 - No mode defined for component null
2023-12-25 16:25:03,335 [WARN] ModelIntegratedComponent:63 - No mode defined for component null
2023-12-25 16:25:03,335 [WARN] ModelIntegratedComponent:63 - No mode defined for component null
2023-12-25 16:25:03,335 [WARN] ModelIntegratedComponent:63 - No mode defined for component null
2023-12-25 16:25:03,335 [WARN] ModelIntegratedComponent:63 - No mode defined for component null
2023-12-25 16:25:03,335 [WARN] ModelIntegratedComponent:63 - No mode defined for component null
2023-12-25 16:25:03,335 [WARN] ModelIntegratedComponent:63 - No mode defined for component null
2023-12-25 16:25:03,335 [WARN] ModelIntegratedComponent:63 - No mode defined for component null
2023-12-25 16:25:03,335 [WARN] ModelIntegratedComponent:63 - No mode defined for component null
2023-12-25 16:25:03,336 [WARN] ModelIntegratedComponent:63 - No mode defined for component null
2023-12-25 16:25:03,336 [WARN] ModelIntegratedComponent:63 - No mode defined for component null
2023-12-25 16:25:03,336 [WARN] ModelIntegratedComponent:63 - No mode defined for component null
2023-12-25 16:25:03,336 [WARN] ModelIntegratedComponent:63 - No mode defined for component null
2023-12-25 16:25:03,336 [WARN] ModelIntegratedComponent:63 - No mode defined for component null
2023-12-25 16:25:03,336 [WARN] ModelIntegratedComponent:63 - No mode defined for component null
2023-12-25 16:25:03,336 [WARN] ModelIntegratedComponent:63 - No mode defined for component null
2023-12-25 16:25:03,336 [WARN] ModelIntegratedComponent:63 - No mode defined for component null
2023-12-25 16:25:03,336 [WARN] ModelIntegratedComponent:63 - No mode defined for component null
2023-12-25 16:25:03,336 [WARN] ModelIntegratedComponent:63 - No mode defined for component null
2023-12-25 16:25:03,336 [WARN] ModelIntegratedComponent:63 - No mode defined for component null
2023-12-25 16:25:03,336 [WARN] ModelIntegratedComponent:63 - No mode defined for component null
2023-12-25 16:25:03,336 [WARN] ModelIntegratedComponent:63 - No mode defined for component null
2023-12-25 16:25:03,336 [WARN] ModelIntegratedComponent:63 - No mode defined for component null
2023-12-25 16:25:03,336 [WARN] ModelIntegratedComponent:63 - No mode defined for component null
2023-12-25 16:25:03,445 [INFO] ThirdPartyModel:298 - Start build external matchings
2023-12-25 16:25:03,772 [INFO] ThirdPartyModel:316 - End build external matchings
2023-12-25 16:25:04,039 [INFO] UtilMem:75 - End LoadConfig() Used Memory: 174928728 Bytes (807403520)
2023-12-25 16:25:04,089 [INFO] MicroXplorer:468 - Change Database Path : 
2023-12-25 16:25:04,091 [INFO] MicroXplorer:498 - Change Database Version : DB.6.0.100
2023-12-25 16:25:04,092 [WARN] ThirdParty:833 - waiting for thirdparty lock release [change project]
2023-12-25 16:25:04,092 [INFO] ThirdParty:835 - entering critical section [change project]
2023-12-25 16:25:04,093 [INFO] ThirdParty:1030 - CMSIS Pack Vendor :STMicroelectronics X-CUBE-ISPU 1.1.0
2023-12-25 16:25:04,094 [INFO] ThirdParty:1030 - CMSIS Pack Vendor :STMicroelectronics USBPD 4.1
2023-12-25 16:25:04,094 [INFO] ThirdParty:1030 - CMSIS Pack Vendor :STMicroelectronics X-CUBE-GNSS1 6.0.0
2023-12-25 16:25:04,094 [INFO] ThirdParty:1030 - CMSIS Pack Vendor :STMicroelectronics USB_HOST 2.0.0
2023-12-25 16:25:04,094 [INFO] ThirdParty:1030 - CMSIS Pack Vendor :STMicroelectronics X-CUBE-AZRTOS-F4 1.1.0
2023-12-25 16:25:04,095 [INFO] ThirdParty:1030 - CMSIS Pack Vendor :STMicroelectronics LIBJPEG 8.0.0
2023-12-25 16:25:04,095 [INFO] ThirdParty:1030 - CMSIS Pack Vendor :wolfSSL I-CUBE-wolfSSL 5.6.4
2023-12-25 16:25:04,095 [INFO] ThirdParty:1030 - CMSIS Pack Vendor :wolfSSL I-CUBE-wolfSSL 5.6.3
2023-12-25 16:25:04,095 [INFO] ThirdParty:1030 - CMSIS Pack Vendor :STMicroelectronics X-CUBE-SMBUS 2.1.0
2023-12-25 16:25:04,095 [INFO] ThirdParty:1030 - CMSIS Pack Vendor :STMicroelectronics USB_DEVICE 3.0.0
2023-12-25 16:25:04,095 [INFO] ThirdParty:1030 - CMSIS Pack Vendor :STMicroelectronics X-CUBE-AZRTOS-WB 2.0.0
2023-12-25 16:25:04,095 [INFO] ThirdParty:1030 - CMSIS Pack Vendor :STMicroelectronics X-CUBE-TOUCHGFX 4.23.0
2023-12-25 16:25:04,095 [INFO] ThirdParty:1030 - CMSIS Pack Vendor :STMicroelectronics X-CUBE-AZRTOS-F7 1.1.0
2023-12-25 16:25:04,095 [INFO] ThirdParty:1030 - CMSIS Pack Vendor :STMicroelectronics X-CUBE-AZRTOS-L5 2.0.0
2023-12-25 16:25:04,096 [INFO] ThirdParty:1030 - CMSIS Pack Vendor :STMicroelectronics USB_DEVICE 2.0.0
2023-12-25 16:25:04,096 [INFO] ThirdParty:1030 - CMSIS Pack Vendor :STMicroelectronics X-CUBE-EEPRMA1 4.2.0
2023-12-25 16:25:04,096 [INFO] ThirdParty:1030 - CMSIS Pack Vendor :ITTIA_DB I-CUBE-ITTIADB 8.8.0
2023-12-25 16:25:04,096 [INFO] ThirdParty:1030 - CMSIS Pack Vendor :STMicroelectronics FP-SNS-MOTENV1 4.3.2
2023-12-25 16:25:04,096 [INFO] ThirdParty:1030 - CMSIS Pack Vendor :STMicroelectronics X-CUBE-ALGOBUILD 1.3.0
2023-12-25 16:25:04,096 [INFO] ThirdParty:1030 - CMSIS Pack Vendor :STMicroelectronics FreeRTOS 0.0.1
2023-12-25 16:25:04,096 [INFO] ThirdParty:1030 - CMSIS Pack Vendor :STMicroelectronics X-CUBE-AZRTOS-G0 1.1.0
2023-12-25 16:25:04,096 [INFO] ThirdParty:1030 - CMSIS Pack Vendor :STMicroelectronics X-CUBE-BLEMGR 2.0.0
2023-12-25 16:25:04,096 [INFO] ThirdParty:1030 - CMSIS Pack Vendor :STMicroelectronics X-CUBE-NFC4 3.0.0
2023-12-25 16:25:04,096 [INFO] ThirdParty:1030 - CMSIS Pack Vendor :STMicroelectronics X-CUBE-SUBG2 5.0.0
2023-12-25 16:25:04,096 [INFO] ThirdParty:1030 - CMSIS Pack Vendor :STMicroelectronics STM32_WPAN 1.0.0
2023-12-25 16:25:04,096 [INFO] ThirdParty:1030 - CMSIS Pack Vendor :STMicroelectronics lwIP 2.0.3
2023-12-25 16:25:04,096 [INFO] ThirdParty:1030 - CMSIS Pack Vendor :STMicroelectronics FP-SNS-FLIGHT1 5.0.2
2023-12-25 16:25:04,096 [INFO] ThirdParty:1030 - CMSIS Pack Vendor :STMicroelectronics USB_HOST 1.0.0
2023-12-25 16:25:04,096 [INFO] ThirdParty:1030 - CMSIS Pack Vendor :STMicroelectronics X-CUBE-TOF1 3.3.1
2023-12-25 16:25:04,096 [INFO] ThirdParty:1030 - CMSIS Pack Vendor :STMicroelectronics X-CUBE-AZRTOS-G4 2.0.0
2023-12-25 16:25:04,096 [INFO] ThirdParty:1030 - CMSIS Pack Vendor :STMicroelectronics PDM2PCM 3.1.0
2023-12-25 16:25:04,096 [INFO] ThirdParty:1030 - CMSIS Pack Vendor :STMicroelectronics X-CUBE-AZRTOS-H7 3.1.0
2023-12-25 16:25:04,097 [INFO] ThirdParty:1030 - CMSIS Pack Vendor :Infineon AIROC-Wi-Fi-Bluetooth-STM32 1.5.1
2023-12-25 16:25:04,098 [INFO] ThirdParty:1030 - CMSIS Pack Vendor :STMicroelectronics X-CUBE-BLEMGR 3.0.0
2023-12-25 16:25:04,098 [INFO] ThirdParty:1030 - CMSIS Pack Vendor :STMicroelectronics PDM2PCM 3.3.0
2023-12-25 16:25:04,099 [INFO] ThirdParty:1030 - CMSIS Pack Vendor :STMicroelectronics X-CUBE-DISPLAY 3.0.0
2023-12-25 16:25:04,100 [INFO] ThirdParty:1030 - CMSIS Pack Vendor :STMicroelectronics FP-SNS-MOTENVWB1 1.3.0
2023-12-25 16:25:04,100 [INFO] ThirdParty:1030 - CMSIS Pack Vendor :STMicroelectronics FP-SNS-MOTENVWB1 1.3.1
2023-12-25 16:25:04,100 [INFO] ThirdParty:1030 - CMSIS Pack Vendor :STMicroelectronics X-CUBE-BLE1 7.0.0
2023-12-25 16:25:04,100 [INFO] ThirdParty:1030 - CMSIS Pack Vendor :STMicroelectronics FP-ATR-SIGFOX1 3.2.0
2023-12-25 16:25:04,100 [INFO] ThirdParty:1030 - CMSIS Pack Vendor :STMicroelectronics X-CUBE-ISPU 2.0.0
2023-12-25 16:25:04,100 [INFO] ThirdParty:1030 - CMSIS Pack Vendor :STMicroelectronics HAL Drivers 0.0.0
2023-12-25 16:25:04,100 [INFO] ThirdParty:1030 - CMSIS Pack Vendor :STMicroelectronics MBEDTLS 2.16.2
2023-12-25 16:25:04,100 [INFO] ThirdParty:1030 - CMSIS Pack Vendor :emotas I-CUBE-CANOPEN 1.3.0
2023-12-25 16:25:04,100 [INFO] ThirdParty:1030 - CMSIS Pack Vendor :STMicroelectronics X-CUBE-MEMS1 10.0.0
2023-12-25 16:25:04,100 [INFO] ThirdParty:1030 - CMSIS Pack Vendor :STMicroelectronics X-CUBE-FREERTOS 1.1.0
2023-12-25 16:25:04,100 [INFO] ThirdParty:1030 - CMSIS Pack Vendor :STMicroelectronics X-CUBE-NFC7 1.0.1
2023-12-25 16:25:04,100 [INFO] ThirdParty:1030 - CMSIS Pack Vendor :STMicroelectronics MBEDTLS 2.14.1
2023-12-25 16:25:04,100 [INFO] ThirdParty:1030 - CMSIS Pack Vendor :STMicroelectronics X-CUBE-TOUCHGFX 4.22.1
2023-12-25 16:25:04,100 [INFO] ThirdParty:1030 - CMSIS Pack Vendor :STMicroelectronics X-CUBE-NFC6 3.0.0
2023-12-25 16:25:04,100 [INFO] ThirdParty:1030 - CMSIS Pack Vendor :portGmbH I-Cube-SoM-uGOAL 1.1.0
2023-12-25 16:25:04,100 [INFO] ThirdParty:1030 - CMSIS Pack Vendor :STMicroelectronics X-CUBE-ALS 1.0.1
2023-12-25 16:25:04,100 [INFO] ThirdParty:1030 - CMSIS Pack Vendor :STMicroelectronics ThreadX 1.0.0
2023-12-25 16:25:04,100 [INFO] ThirdParty:1030 - CMSIS Pack Vendor :STMicroelectronics FP-SNS-SMARTAG2 1.2.0
2023-12-25 16:25:04,100 [INFO] ThirdParty:1030 - CMSIS Pack Vendor :STMicroelectronics X-CUBE-AZRTOS-WL 2.0.0
2023-12-25 16:25:04,100 [INFO] ThirdParty:1030 - CMSIS Pack Vendor :SEGGER I-CUBE-embOS 1.3.1
2023-12-25 16:25:04,100 [INFO] ThirdParty:1030 - CMSIS Pack Vendor :STMicroelectronics USB_DEVICE 1.0.0
2023-12-25 16:25:04,100 [INFO] ThirdParty:1030 - CMSIS Pack Vendor :STMicroelectronics X-CUBE-AI 8.1.0
2023-12-25 16:25:04,100 [INFO] ThirdParty:1030 - CMSIS Pack Vendor :STMicroelectronics X-CUBE-AZRTOS-L4 2.0.0
2023-12-25 16:25:04,100 [INFO] ThirdParty:1030 - CMSIS Pack Vendor :STMicroelectronics ThreadX 0.0.2
2023-12-25 16:25:04,100 [INFO] ThirdParty:1030 - CMSIS Pack Vendor :WES I-CUBE-Cesium 1.3.0
2023-12-25 16:25:04,100 [INFO] ThirdParty:1030 - CMSIS Pack Vendor :STMicroelectronics FP-ATR-ASTRA1 2.0.0
2023-12-25 16:25:04,100 [INFO] ThirdParty:1030 - CMSIS Pack Vendor :STMicroelectronics lwIP 2.1.2
2023-12-25 16:25:04,100 [INFO] ThirdParty:1030 - CMSIS Pack Vendor :STMicroelectronics X-CUBE-SFXS2LP1 4.0.0
2023-12-25 16:25:04,101 [INFO] ThirdParty:1030 - CMSIS Pack Vendor :STMicroelectronics X-CUBE-BLE2 3.3.0
2023-12-25 16:25:04,101 [INFO] ThirdParty:1030 - CMSIS Pack Vendor :STMicroelectronics X-CUBE-TOF1 3.4.0
2023-12-25 16:25:04,101 [INFO] ThirdParty:1030 - CMSIS Pack Vendor :STMicroelectronics X-CUBE-AZRTOS-H7 3.2.0
2023-12-25 16:25:04,101 [INFO] ThirdParty:1030 - CMSIS Pack Vendor :STMicroelectronics PDM2PCM 3.2.0
2023-12-25 16:25:04,103 [INFO] ThirdParty:841 - exiting critical section [change project]
2023-12-25 16:25:04,954 [INFO] PinOutPanel:1499 - setPackage(No Configuration,No Configuration)
2023-12-25 16:25:04,966 [INFO] PinOutPanel:1499 - setPackage(STM32F302R8Tx,LQFP64)
2023-12-25 16:25:05,946 [INFO] UtilMem:75 - Before build in PCC Used Memory: 246890208 Bytes (601882624)
2023-12-25 16:25:06,908 [INFO] UtilMem:75 - After build in PCC Used Memory: 452411104 Bytes (601882624)
2023-12-25 16:25:06,963 [INFO] IPUIPlugin:80 - create IPUIPlugin
2023-12-25 16:25:06,966 [INFO] IPUIPlugin:80 - create IPUIPlugin
2023-12-25 16:25:06,966 [INFO] IPUIPlugin:80 - create IPUIPlugin
2023-12-25 16:25:06,967 [INFO] IPUIPlugin:80 - create IPUIPlugin
2023-12-25 16:25:06,967 [INFO] IPUIPlugin:80 - create IPUIPlugin
2023-12-25 16:25:06,967 [INFO] IPUIPlugin:80 - create IPUIPlugin
2023-12-25 16:25:06,967 [INFO] IPUIPlugin:80 - create IPUIPlugin
2023-12-25 16:25:06,967 [INFO] IPUIPlugin:80 - create IPUIPlugin
2023-12-25 16:25:06,967 [INFO] IPUIPlugin:80 - create IPUIPlugin
2023-12-25 16:25:06,967 [INFO] IPUIPlugin:80 - create IPUIPlugin
2023-12-25 16:25:06,968 [INFO] IPUIPlugin:80 - create IPUIPlugin
2023-12-25 16:25:06,968 [INFO] IPUIPlugin:80 - create IPUIPlugin
2023-12-25 16:25:06,968 [INFO] IPUIPlugin:80 - create IPUIPlugin
2023-12-25 16:25:06,968 [INFO] IPUIPlugin:80 - create IPUIPlugin
2023-12-25 16:25:06,969 [INFO] IPUIPlugin:80 - create IPUIPlugin
2023-12-25 16:25:06,972 [INFO] IPUIPlugin:80 - create IPUIPlugin
2023-12-25 16:25:06,972 [INFO] IPUIPlugin:80 - create IPUIPlugin
2023-12-25 16:25:06,973 [INFO] IPUIPlugin:80 - create IPUIPlugin
2023-12-25 16:25:06,973 [INFO] IPUIPlugin:80 - create IPUIPlugin
2023-12-25 16:25:06,973 [INFO] IPUIPlugin:80 - create IPUIPlugin
2023-12-25 16:25:06,973 [INFO] IPUIPlugin:80 - create IPUIPlugin
2023-12-25 16:25:06,973 [INFO] IPUIPlugin:80 - create IPUIPlugin
2023-12-25 16:25:06,973 [INFO] IPUIPlugin:80 - create IPUIPlugin
2023-12-25 16:25:06,974 [INFO] IPUIPlugin:80 - create IPUIPlugin
2023-12-25 16:25:06,974 [INFO] IPUIPlugin:80 - create IPUIPlugin
2023-12-25 16:25:06,974 [INFO] IPUIPlugin:80 - create IPUIPlugin
2023-12-25 16:25:06,974 [INFO] IPUIPlugin:80 - create IPUIPlugin
2023-12-25 16:25:06,974 [INFO] IPUIPlugin:80 - create IPUIPlugin
2023-12-25 16:25:06,974 [INFO] IPUIPlugin:80 - create IPUIPlugin
2023-12-25 16:25:06,974 [INFO] IPUIPlugin:80 - create IPUIPlugin
2023-12-25 16:25:06,974 [INFO] IPUIPlugin:80 - create IPUIPlugin
2023-12-25 16:25:06,974 [INFO] IPUIPlugin:80 - create IPUIPlugin
2023-12-25 16:25:06,974 [INFO] IPUIPlugin:80 - create IPUIPlugin
2023-12-25 16:25:06,975 [INFO] IPUIPlugin:80 - create IPUIPlugin
2023-12-25 16:25:06,975 [INFO] IPUIPlugin:80 - create IPUIPlugin
2023-12-25 16:25:06,975 [INFO] IPUIPlugin:80 - create IPUIPlugin
2023-12-25 16:25:06,975 [INFO] IPUIPlugin:80 - create IPUIPlugin
2023-12-25 16:25:06,975 [INFO] IPUIPlugin:80 - create IPUIPlugin
2023-12-25 16:25:06,975 [INFO] IPUIPlugin:80 - create IPUIPlugin
2023-12-25 16:25:07,366 [INFO] CADModel:165 - CPN selected for project levelSTM32F302R8T6
2023-12-25 16:25:07,368 [INFO] CADModel:114 - Register for checkConnection events
2023-12-25 16:25:07,421 [INFO] OpenFileManager:343 - Restore cursor
2023-12-25 16:25:08,809 [INFO] UtilMem:75 - End SaveConfig() Used Memory: 259291696 Bytes (601882624)
2023-12-25 16:25:08,894 [INFO] UtilMem:75 - End SaveConfig() Used Memory: 275466368 Bytes (601882624)
2023-12-25 16:25:09,673 [INFO] BlockDiagram:2759 - set Specific Code input for plugin: NVIC
2023-12-25 16:25:09,675 [INFO] BlockDiagram:2759 - set Specific Code input for plugin: RCC
2023-12-25 16:25:09,676 [INFO] CodeGenerator:807 - code generatio: config db path: /Applications/STM32CubeIDE.app/Contents/Eclipse/plugins/com.st.stm32cube.common.mx_6.10.0.202311202037//db/
2023-12-25 16:25:10,008 [INFO] CodeEngine:255 - oldGeneratedFile, /Users/aliacan/STM32CubeIDE/homeAsistant/homeAsistant/MXTmpFiles/license.tmp_save
2023-12-25 16:25:10,832 [INFO] CodeEngine:279 - Generated code: /Users/aliacan/STM32CubeIDE/homeAsistant/homeAsistant/MXTmpFiles/license.tmp
2023-12-25 16:25:10,859 [INFO] CodeEngine:255 - oldGeneratedFile, /Users/aliacan/STM32CubeIDE/homeAsistant/homeAsistant/Core/Src/stm32f3xx_it.c_save
2023-12-25 16:25:11,233 [INFO] CodeEngine:279 - Generated code: /Users/aliacan/STM32CubeIDE/homeAsistant/homeAsistant/Core/Src/stm32f3xx_it.c
2023-12-25 16:25:11,240 [INFO] CodeEngine:255 - oldGeneratedFile, /Users/aliacan/STM32CubeIDE/homeAsistant/homeAsistant/Core/Inc/stm32f3xx_it.h_save
2023-12-25 16:25:11,370 [INFO] CodeEngine:279 - Generated code: /Users/aliacan/STM32CubeIDE/homeAsistant/homeAsistant/Core/Inc/stm32f3xx_it.h
2023-12-25 16:25:11,521 [INFO] CodeEngine:255 - oldGeneratedFile, /Users/aliacan/STM32CubeIDE/homeAsistant/homeAsistant/Core/Src/stm32f3xx_hal_msp.c_save
2023-12-25 16:25:11,673 [INFO] CodeEngine:279 - Generated code: /Users/aliacan/STM32CubeIDE/homeAsistant/homeAsistant/Core/Src/stm32f3xx_hal_msp.c
2023-12-25 16:25:11,677 [INFO] CodeEngine:255 - oldGeneratedFile, /Users/aliacan/STM32CubeIDE/homeAsistant/homeAsistant/MXTmpFiles/system.tmp_save
2023-12-25 16:25:11,743 [INFO] CodeEngine:279 - Generated code: /Users/aliacan/STM32CubeIDE/homeAsistant/homeAsistant/MXTmpFiles/system.tmp
2023-12-25 16:25:11,749 [INFO] CodeEngine:311 - oldGeneratedFile, /Users/aliacan/STM32CubeIDE/homeAsistant/homeAsistant/Core/Inc/stm32f3xx_hal_conf.h_save
2023-12-25 16:25:11,885 [INFO] CodeEngine:335 - Generated code: /Users/aliacan/STM32CubeIDE/homeAsistant/homeAsistant/Core/Inc/stm32f3xx_hal_conf.h
2023-12-25 16:25:11,992 [INFO] CodeEngine:255 - oldGeneratedFile, /Users/aliacan/STM32CubeIDE/homeAsistant/homeAsistant/Core/Inc/main.h_save
2023-12-25 16:25:12,159 [INFO] CodeEngine:279 - Generated code: /Users/aliacan/STM32CubeIDE/homeAsistant/homeAsistant/Core/Inc/main.h
2023-12-25 16:25:12,166 [INFO] CodeEngine:255 - oldGeneratedFile, /Users/aliacan/STM32CubeIDE/homeAsistant/homeAsistant/Core/Src/main.c_save
2023-12-25 16:25:12,428 [INFO] CodeEngine:279 - Generated code: /Users/aliacan/STM32CubeIDE/homeAsistant/homeAsistant/Core/Src/main.c
2023-12-25 16:25:13,085 [INFO] ProjectBuilder:3076 - Time for Copy HAL[1] : 53mS.
2023-12-25 16:25:13,095 [INFO] ProjectBuilder:4485 - Project Generator version: 4.2.0-B44
2023-12-25 16:25:13,380 [INFO] ConfigFileManager:1495 - The Die is : DIE439
2023-12-25 16:25:13,415 [INFO] ApiDbMcu:508 - Load IP Config File for FATFS
2023-12-25 16:25:13,430 [INFO] ApiDbMcu:508 - Load IP Config File for FREERTOS
2023-12-25 16:25:13,499 [INFO] ApiDbMcu:508 - Load IP Config File for TOUCHSENSING
2023-12-25 16:25:13,550 [INFO] ApiDbMcu:508 - Load IP Config File for USB_DEVICE
2023-12-25 16:25:14,521 [INFO] LogOutputStream:77 - [STDOUT_REDIRECT] 
2023-12-25 16:25:18,581 [INFO] ProjectBuilder:4747 - Time for Generating toolchain IDE Files: 5468mS.
2023-12-25 16:25:18,587 [INFO] ProjectBuilder:2947 - Time for Copy CMSIS : 1mS.
2023-12-25 16:25:18,594 [INFO] ProjectBuilder:2947 - Time for Copy CMSIS : 0mS.
2023-12-25 16:25:19,958 [INFO] McuFinderGlobals:76 - Set McuFinderConnectedMode to true
2023-12-25 16:25:19,980 [INFO] ApiDb:448 - Save user favorites file /Users/aliacan/.stm32cubeide/favorites.mcus.txt: 0 item(s)
2023-12-25 16:25:19,981 [INFO] ApiDb:452 - User favorites MCUs=[]
2023-12-25 16:26:55,104 [INFO] UtilMem:75 - End SaveConfig() Used Memory: 235071952 Bytes (657457152)
2023-12-25 16:26:56,735 [INFO] UtilMem:75 - End SaveConfig() Used Memory: 369491112 Bytes (657457152)
2023-12-25 16:27:00,151 [INFO] UtilMem:75 - End SaveConfig() Used Memory: 528130600 Bytes (657457152)
2023-12-25 16:27:00,674 [INFO] BlockDiagram:2759 - set Specific Code input for plugin: NVIC
2023-12-25 16:27:00,677 [INFO] BlockDiagram:2759 - set Specific Code input for plugin: GPIO
2023-12-25 16:27:00,677 [INFO] BlockDiagram:2759 - set Specific Code input for plugin: RCC
2023-12-25 16:27:00,678 [INFO] CodeGenerator:807 - code generatio: config db path: /Applications/STM32CubeIDE.app/Contents/Eclipse/plugins/com.st.stm32cube.common.mx_6.10.0.202311202037//db/
2023-12-25 16:27:00,879 [INFO] CodeEngine:255 - oldGeneratedFile, /Users/aliacan/STM32CubeIDE/homeAsistant/homeAsistant/MXTmpFiles/license.tmp_save
2023-12-25 16:27:01,046 [INFO] CodeEngine:279 - Generated code: /Users/aliacan/STM32CubeIDE/homeAsistant/homeAsistant/MXTmpFiles/license.tmp
2023-12-25 16:27:01,155 [INFO] CodeEngine:255 - oldGeneratedFile, /Users/aliacan/STM32CubeIDE/homeAsistant/homeAsistant/MXTmpFiles/gpio.tmp_save
2023-12-25 16:27:01,335 [INFO] CodeEngine:279 - Generated code: /Users/aliacan/STM32CubeIDE/homeAsistant/homeAsistant/MXTmpFiles/gpio.tmp
2023-12-25 16:27:01,351 [INFO] CodeEngine:255 - oldGeneratedFile, /Users/aliacan/STM32CubeIDE/homeAsistant/homeAsistant/Core/Src/stm32f3xx_it.c_save
2023-12-25 16:27:01,469 [INFO] CodeEngine:279 - Generated code: /Users/aliacan/STM32CubeIDE/homeAsistant/homeAsistant/Core/Src/stm32f3xx_it.c
2023-12-25 16:27:01,477 [INFO] CodeEngine:255 - oldGeneratedFile, /Users/aliacan/STM32CubeIDE/homeAsistant/homeAsistant/Core/Inc/stm32f3xx_it.h_save
2023-12-25 16:27:01,538 [INFO] CodeEngine:279 - Generated code: /Users/aliacan/STM32CubeIDE/homeAsistant/homeAsistant/Core/Inc/stm32f3xx_it.h
2023-12-25 16:27:01,616 [INFO] CodeEngine:255 - oldGeneratedFile, /Users/aliacan/STM32CubeIDE/homeAsistant/homeAsistant/Core/Src/stm32f3xx_hal_msp.c_save
2023-12-25 16:27:01,693 [INFO] CodeEngine:279 - Generated code: /Users/aliacan/STM32CubeIDE/homeAsistant/homeAsistant/Core/Src/stm32f3xx_hal_msp.c
2023-12-25 16:27:01,694 [INFO] CodeEngine:255 - oldGeneratedFile, /Users/aliacan/STM32CubeIDE/homeAsistant/homeAsistant/MXTmpFiles/system.tmp_save
2023-12-25 16:27:01,744 [INFO] CodeEngine:279 - Generated code: /Users/aliacan/STM32CubeIDE/homeAsistant/homeAsistant/MXTmpFiles/system.tmp
2023-12-25 16:27:01,747 [INFO] CodeEngine:311 - oldGeneratedFile, /Users/aliacan/STM32CubeIDE/homeAsistant/homeAsistant/Core/Inc/stm32f3xx_hal_conf.h_save
2023-12-25 16:27:01,809 [INFO] CodeEngine:335 - Generated code: /Users/aliacan/STM32CubeIDE/homeAsistant/homeAsistant/Core/Inc/stm32f3xx_hal_conf.h
2023-12-25 16:27:01,848 [INFO] CodeEngine:255 - oldGeneratedFile, /Users/aliacan/STM32CubeIDE/homeAsistant/homeAsistant/Core/Inc/main.h_save
2023-12-25 16:27:01,915 [INFO] CodeEngine:279 - Generated code: /Users/aliacan/STM32CubeIDE/homeAsistant/homeAsistant/Core/Inc/main.h
2023-12-25 16:27:01,917 [INFO] CodeEngine:255 - oldGeneratedFile, /Users/aliacan/STM32CubeIDE/homeAsistant/homeAsistant/Core/Src/main.c_save
2023-12-25 16:27:02,023 [INFO] CodeEngine:279 - Generated code: /Users/aliacan/STM32CubeIDE/homeAsistant/homeAsistant/Core/Src/main.c
2023-12-25 16:27:02,550 [INFO] ProjectBuilder:3076 - Time for Copy HAL[1] : 32mS.
2023-12-25 16:27:02,563 [INFO] ProjectBuilder:4485 - Project Generator version: 4.2.0-B44
2023-12-25 16:27:02,809 [INFO] ConfigFileManager:1495 - The Die is : DIE439
2023-12-25 16:27:05,398 [INFO] ProjectBuilder:4747 - Time for Generating toolchain IDE Files: 2832mS.
2023-12-25 16:27:05,403 [INFO] ProjectBuilder:2947 - Time for Copy CMSIS : 1mS.
2023-12-25 16:27:05,406 [INFO] ProjectBuilder:2947 - Time for Copy CMSIS : 0mS.
2023-12-25 16:29:50,596 [INFO] UtilMem:75 - End SaveConfig() Used Memory: 270787528 Bytes (856686592)
2023-12-25 16:29:52,501 [INFO] UtilMem:75 - End SaveConfig() Used Memory: 292149776 Bytes (856686592)
2023-12-25 16:29:53,802 [INFO] UtilMem:75 - End SaveConfig() Used Memory: 328981448 Bytes (856686592)
2023-12-25 16:29:54,018 [INFO] BlockDiagram:2759 - set Specific Code input for plugin: NVIC
2023-12-25 16:29:54,019 [INFO] BlockDiagram:2759 - set Specific Code input for plugin: TIM1_8F3
2023-12-25 16:29:54,019 [INFO] BlockDiagram:2759 - set Specific Code input for plugin: SYS
2023-12-25 16:29:54,019 [INFO] BlockDiagram:2759 - set Specific Code input for plugin: GPIO
2023-12-25 16:29:54,019 [INFO] BlockDiagram:2759 - set Specific Code input for plugin: RCC
2023-12-25 16:29:54,020 [INFO] CodeGenerator:807 - code generatio: config db path: /Applications/STM32CubeIDE.app/Contents/Eclipse/plugins/com.st.stm32cube.common.mx_6.10.0.202311202037//db/
2023-12-25 16:29:54,184 [INFO] CodeEngine:255 - oldGeneratedFile, /Users/aliacan/STM32CubeIDE/homeAsistant/homeAsistant/MXTmpFiles/license.tmp_save
2023-12-25 16:29:54,265 [INFO] CodeEngine:279 - Generated code: /Users/aliacan/STM32CubeIDE/homeAsistant/homeAsistant/MXTmpFiles/license.tmp
2023-12-25 16:29:54,307 [INFO] CodeEngine:255 - oldGeneratedFile, /Users/aliacan/STM32CubeIDE/homeAsistant/homeAsistant/MXTmpFiles/gpio.tmp_save
2023-12-25 16:29:54,379 [INFO] CodeEngine:279 - Generated code: /Users/aliacan/STM32CubeIDE/homeAsistant/homeAsistant/MXTmpFiles/gpio.tmp
2023-12-25 16:29:54,488 [INFO] CodeEngine:255 - oldGeneratedFile, /Users/aliacan/STM32CubeIDE/homeAsistant/homeAsistant/Core/Src/stm32f3xx_it.c_save
2023-12-25 16:29:54,569 [INFO] CodeEngine:279 - Generated code: /Users/aliacan/STM32CubeIDE/homeAsistant/homeAsistant/Core/Src/stm32f3xx_it.c
2023-12-25 16:29:54,571 [INFO] CodeEngine:255 - oldGeneratedFile, /Users/aliacan/STM32CubeIDE/homeAsistant/homeAsistant/Core/Inc/stm32f3xx_it.h_save
2023-12-25 16:29:54,622 [INFO] CodeEngine:279 - Generated code: /Users/aliacan/STM32CubeIDE/homeAsistant/homeAsistant/Core/Inc/stm32f3xx_it.h
2023-12-25 16:29:54,625 [INFO] CodeEngine:255 - oldGeneratedFile, /Users/aliacan/STM32CubeIDE/homeAsistant/homeAsistant/Core/Src/stm32f3xx_hal_msp.c_save
2023-12-25 16:29:54,707 [INFO] CodeEngine:279 - Generated code: /Users/aliacan/STM32CubeIDE/homeAsistant/homeAsistant/Core/Src/stm32f3xx_hal_msp.c
2023-12-25 16:29:54,708 [INFO] CodeEngine:255 - oldGeneratedFile, /Users/aliacan/STM32CubeIDE/homeAsistant/homeAsistant/MXTmpFiles/system.tmp_save
2023-12-25 16:29:54,759 [INFO] CodeEngine:279 - Generated code: /Users/aliacan/STM32CubeIDE/homeAsistant/homeAsistant/MXTmpFiles/system.tmp
2023-12-25 16:29:54,763 [INFO] CodeEngine:311 - oldGeneratedFile, /Users/aliacan/STM32CubeIDE/homeAsistant/homeAsistant/Core/Inc/stm32f3xx_hal_conf.h_save
2023-12-25 16:29:54,825 [INFO] CodeEngine:335 - Generated code: /Users/aliacan/STM32CubeIDE/homeAsistant/homeAsistant/Core/Inc/stm32f3xx_hal_conf.h
2023-12-25 16:29:54,856 [WARN] IPConfigManager:3440 - IP not found : TIM
2023-12-25 16:29:54,856 [WARN] CodeGenerator:3939 - IP not found : null
2023-12-25 16:29:54,858 [INFO] CodeEngine:255 - oldGeneratedFile, /Users/aliacan/STM32CubeIDE/homeAsistant/homeAsistant/Core/Inc/main.h_save
2023-12-25 16:29:54,922 [INFO] CodeEngine:279 - Generated code: /Users/aliacan/STM32CubeIDE/homeAsistant/homeAsistant/Core/Inc/main.h
2023-12-25 16:29:54,923 [INFO] CodeEngine:255 - oldGeneratedFile, /Users/aliacan/STM32CubeIDE/homeAsistant/homeAsistant/Core/Src/main.c_save
2023-12-25 16:29:55,014 [INFO] CodeEngine:279 - Generated code: /Users/aliacan/STM32CubeIDE/homeAsistant/homeAsistant/Core/Src/main.c
2023-12-25 16:29:55,617 [INFO] ProjectBuilder:3076 - Time for Copy HAL[1] : 48mS.
2023-12-25 16:29:55,624 [INFO] ProjectBuilder:4485 - Project Generator version: 4.2.0-B44
2023-12-25 16:29:55,782 [INFO] ConfigFileManager:1495 - The Die is : DIE439
2023-12-25 16:29:58,007 [INFO] ProjectBuilder:4747 - Time for Generating toolchain IDE Files: 2379mS.
2023-12-25 16:29:58,011 [INFO] ProjectBuilder:2947 - Time for Copy CMSIS : 0mS.
2023-12-25 16:29:58,013 [INFO] ProjectBuilder:2947 - Time for Copy CMSIS : 1mS.
2023-12-25 16:31:17,291 [INFO] I2cTimingTraitement:330 - 0x2000090E
2023-12-25 16:31:27,714 [INFO] Gpio:277 - dependency for GPIO [RCC, SYS]
2023-12-25 16:31:54,360 [INFO] UtilMem:75 - End SaveConfig() Used Memory: 278188904 Bytes (817889280)
2023-12-25 16:31:56,431 [INFO] UtilMem:75 - End SaveConfig() Used Memory: 297851992 Bytes (817889280)
2023-12-25 16:31:58,409 [INFO] UtilMem:75 - End SaveConfig() Used Memory: 335076504 Bytes (817889280)
2023-12-25 16:31:58,576 [INFO] BlockDiagram:2759 - set Specific Code input for plugin: NVIC
2023-12-25 16:31:58,577 [INFO] BlockDiagram:2759 - set Specific Code input for plugin: TIM1_8F3
2023-12-25 16:31:58,577 [INFO] BlockDiagram:2759 - set Specific Code input for plugin: SYS
2023-12-25 16:31:58,577 [INFO] BlockDiagram:2759 - set Specific Code input for plugin: GPIO
2023-12-25 16:31:58,577 [INFO] BlockDiagram:2759 - set Specific Code input for plugin: RCC
2023-12-25 16:31:58,577 [INFO] CodeGenerator:807 - code generatio: config db path: /Applications/STM32CubeIDE.app/Contents/Eclipse/plugins/com.st.stm32cube.common.mx_6.10.0.202311202037//db/
2023-12-25 16:31:58,698 [INFO] CodeEngine:255 - oldGeneratedFile, /Users/aliacan/STM32CubeIDE/homeAsistant/homeAsistant/MXTmpFiles/license.tmp_save
2023-12-25 16:31:58,777 [INFO] CodeEngine:279 - Generated code: /Users/aliacan/STM32CubeIDE/homeAsistant/homeAsistant/MXTmpFiles/license.tmp
2023-12-25 16:31:58,819 [INFO] CodeEngine:255 - oldGeneratedFile, /Users/aliacan/STM32CubeIDE/homeAsistant/homeAsistant/MXTmpFiles/gpio.tmp_save
2023-12-25 16:31:58,885 [INFO] CodeEngine:279 - Generated code: /Users/aliacan/STM32CubeIDE/homeAsistant/homeAsistant/MXTmpFiles/gpio.tmp
2023-12-25 16:31:58,987 [INFO] CodeEngine:255 - oldGeneratedFile, /Users/aliacan/STM32CubeIDE/homeAsistant/homeAsistant/Core/Src/stm32f3xx_it.c_save
2023-12-25 16:31:59,059 [INFO] CodeEngine:279 - Generated code: /Users/aliacan/STM32CubeIDE/homeAsistant/homeAsistant/Core/Src/stm32f3xx_it.c
2023-12-25 16:31:59,062 [INFO] CodeEngine:255 - oldGeneratedFile, /Users/aliacan/STM32CubeIDE/homeAsistant/homeAsistant/Core/Inc/stm32f3xx_it.h_save
2023-12-25 16:31:59,114 [INFO] CodeEngine:279 - Generated code: /Users/aliacan/STM32CubeIDE/homeAsistant/homeAsistant/Core/Inc/stm32f3xx_it.h
2023-12-25 16:31:59,118 [INFO] CodeEngine:255 - oldGeneratedFile, /Users/aliacan/STM32CubeIDE/homeAsistant/homeAsistant/Core/Src/stm32f3xx_hal_msp.c_save
2023-12-25 16:31:59,202 [INFO] CodeEngine:279 - Generated code: /Users/aliacan/STM32CubeIDE/homeAsistant/homeAsistant/Core/Src/stm32f3xx_hal_msp.c
2023-12-25 16:31:59,203 [INFO] CodeEngine:255 - oldGeneratedFile, /Users/aliacan/STM32CubeIDE/homeAsistant/homeAsistant/MXTmpFiles/system.tmp_save
2023-12-25 16:31:59,250 [INFO] CodeEngine:279 - Generated code: /Users/aliacan/STM32CubeIDE/homeAsistant/homeAsistant/MXTmpFiles/system.tmp
2023-12-25 16:31:59,253 [INFO] CodeEngine:311 - oldGeneratedFile, /Users/aliacan/STM32CubeIDE/homeAsistant/homeAsistant/Core/Inc/stm32f3xx_hal_conf.h_save
2023-12-25 16:31:59,312 [INFO] CodeEngine:335 - Generated code: /Users/aliacan/STM32CubeIDE/homeAsistant/homeAsistant/Core/Inc/stm32f3xx_hal_conf.h
2023-12-25 16:31:59,345 [WARN] IPConfigManager:3440 - IP not found : TIM
2023-12-25 16:31:59,346 [WARN] CodeGenerator:3939 - IP not found : null
2023-12-25 16:31:59,350 [INFO] CodeEngine:255 - oldGeneratedFile, /Users/aliacan/STM32CubeIDE/homeAsistant/homeAsistant/Core/Inc/main.h_save
2023-12-25 16:31:59,414 [INFO] CodeEngine:279 - Generated code: /Users/aliacan/STM32CubeIDE/homeAsistant/homeAsistant/Core/Inc/main.h
2023-12-25 16:31:59,416 [INFO] CodeEngine:255 - oldGeneratedFile, /Users/aliacan/STM32CubeIDE/homeAsistant/homeAsistant/Core/Src/main.c_save
2023-12-25 16:31:59,514 [INFO] CodeEngine:279 - Generated code: /Users/aliacan/STM32CubeIDE/homeAsistant/homeAsistant/Core/Src/main.c
2023-12-25 16:32:00,079 [INFO] ProjectBuilder:3076 - Time for Copy HAL[1] : 36mS.
2023-12-25 16:32:00,088 [INFO] ProjectBuilder:4485 - Project Generator version: 4.2.0-B44
2023-12-25 16:32:00,295 [INFO] ConfigFileManager:1495 - The Die is : DIE439
2023-12-25 16:32:02,338 [INFO] ProjectBuilder:4747 - Time for Generating toolchain IDE Files: 2247mS.
2023-12-25 16:32:02,342 [INFO] ProjectBuilder:2947 - Time for Copy CMSIS : 0mS.
2023-12-25 16:32:02,345 [INFO] ProjectBuilder:2947 - Time for Copy CMSIS : 0mS.
2023-12-25 16:43:40,345 [INFO] Gpio:277 - dependency for GPIO [RCC, SYS]
2023-12-25 16:44:32,805 [INFO] Gpio:277 - dependency for GPIO [RCC, SYS]
2023-12-25 16:44:34,743 [INFO] Gpio:277 - dependency for GPIO [RCC, SYS]
2023-12-25 16:45:13,813 [INFO] UtilMem:75 - End SaveConfig() Used Memory: 263405168 Bytes (814743552)
2023-12-25 16:45:15,508 [INFO] UtilMem:75 - End SaveConfig() Used Memory: 283850352 Bytes (814743552)
2023-12-25 16:45:17,562 [INFO] UtilMem:75 - End SaveConfig() Used Memory: 320550512 Bytes (814743552)
2023-12-25 16:45:17,986 [INFO] BlockDiagram:2759 - set Specific Code input for plugin: NVIC
2023-12-25 16:45:17,994 [INFO] BlockDiagram:2759 - set Specific Code input for plugin: TIM1_8F3
2023-12-25 16:45:17,994 [INFO] BlockDiagram:2759 - set Specific Code input for plugin: SYS
2023-12-25 16:45:18,001 [INFO] BlockDiagram:2759 - set Specific Code input for plugin: GPIO
2023-12-25 16:45:18,001 [INFO] BlockDiagram:2759 - set Specific Code input for plugin: RCC
2023-12-25 16:45:18,003 [INFO] CodeGenerator:807 - code generatio: config db path: /Applications/STM32CubeIDE.app/Contents/Eclipse/plugins/com.st.stm32cube.common.mx_6.10.0.202311202037//db/
2023-12-25 16:45:18,267 [INFO] CodeEngine:255 - oldGeneratedFile, /Users/aliacan/STM32CubeIDE/homeAsistant/homeAsistant/MXTmpFiles/license.tmp_save
2023-12-25 16:45:18,429 [INFO] CodeEngine:279 - Generated code: /Users/aliacan/STM32CubeIDE/homeAsistant/homeAsistant/MXTmpFiles/license.tmp
2023-12-25 16:45:18,466 [INFO] CodeEngine:255 - oldGeneratedFile, /Users/aliacan/STM32CubeIDE/homeAsistant/homeAsistant/MXTmpFiles/gpio.tmp_save
2023-12-25 16:45:18,592 [INFO] CodeEngine:279 - Generated code: /Users/aliacan/STM32CubeIDE/homeAsistant/homeAsistant/MXTmpFiles/gpio.tmp
2023-12-25 16:45:18,810 [INFO] CodeEngine:255 - oldGeneratedFile, /Users/aliacan/STM32CubeIDE/homeAsistant/homeAsistant/Core/Src/stm32f3xx_it.c_save
2023-12-25 16:45:19,006 [INFO] CodeEngine:279 - Generated code: /Users/aliacan/STM32CubeIDE/homeAsistant/homeAsistant/Core/Src/stm32f3xx_it.c
2023-12-25 16:45:19,015 [INFO] CodeEngine:255 - oldGeneratedFile, /Users/aliacan/STM32CubeIDE/homeAsistant/homeAsistant/Core/Inc/stm32f3xx_it.h_save
2023-12-25 16:45:19,069 [INFO] CodeEngine:279 - Generated code: /Users/aliacan/STM32CubeIDE/homeAsistant/homeAsistant/Core/Inc/stm32f3xx_it.h
2023-12-25 16:45:19,083 [INFO] CodeEngine:255 - oldGeneratedFile, /Users/aliacan/STM32CubeIDE/homeAsistant/homeAsistant/Core/Src/stm32f3xx_hal_msp.c_save
2023-12-25 16:45:19,174 [INFO] CodeEngine:279 - Generated code: /Users/aliacan/STM32CubeIDE/homeAsistant/homeAsistant/Core/Src/stm32f3xx_hal_msp.c
2023-12-25 16:45:19,178 [INFO] CodeEngine:255 - oldGeneratedFile, /Users/aliacan/STM32CubeIDE/homeAsistant/homeAsistant/MXTmpFiles/system.tmp_save
2023-12-25 16:45:19,227 [INFO] CodeEngine:279 - Generated code: /Users/aliacan/STM32CubeIDE/homeAsistant/homeAsistant/MXTmpFiles/system.tmp
2023-12-25 16:45:19,232 [INFO] CodeEngine:311 - oldGeneratedFile, /Users/aliacan/STM32CubeIDE/homeAsistant/homeAsistant/Core/Inc/stm32f3xx_hal_conf.h_save
2023-12-25 16:45:19,287 [INFO] CodeEngine:335 - Generated code: /Users/aliacan/STM32CubeIDE/homeAsistant/homeAsistant/Core/Inc/stm32f3xx_hal_conf.h
2023-12-25 16:45:19,337 [WARN] IPConfigManager:3440 - IP not found : TIM
2023-12-25 16:45:19,337 [WARN] CodeGenerator:3939 - IP not found : null
2023-12-25 16:45:19,339 [INFO] CodeEngine:255 - oldGeneratedFile, /Users/aliacan/STM32CubeIDE/homeAsistant/homeAsistant/Core/Inc/main.h_save
2023-12-25 16:45:19,440 [INFO] CodeEngine:279 - Generated code: /Users/aliacan/STM32CubeIDE/homeAsistant/homeAsistant/Core/Inc/main.h
2023-12-25 16:45:19,443 [INFO] CodeEngine:255 - oldGeneratedFile, /Users/aliacan/STM32CubeIDE/homeAsistant/homeAsistant/Core/Src/main.c_save
2023-12-25 16:45:19,565 [INFO] CodeEngine:279 - Generated code: /Users/aliacan/STM32CubeIDE/homeAsistant/homeAsistant/Core/Src/main.c
2023-12-25 16:45:20,042 [INFO] ProjectBuilder:3076 - Time for Copy HAL[1] : 35mS.
2023-12-25 16:45:20,050 [INFO] ProjectBuilder:4485 - Project Generator version: 4.2.0-B44
2023-12-25 16:45:20,208 [INFO] ConfigFileManager:1495 - The Die is : DIE439
2023-12-25 16:45:22,067 [INFO] ProjectBuilder:4747 - Time for Generating toolchain IDE Files: 2011mS.
2023-12-25 16:45:22,077 [INFO] ProjectBuilder:2947 - Time for Copy CMSIS : 3mS.
2023-12-25 16:45:22,081 [INFO] ProjectBuilder:2947 - Time for Copy CMSIS : 0mS.
2023-12-25 16:45:49,037 [INFO] UtilMem:75 - End SaveConfig() Used Memory: 419307928 Bytes (982515712)
2023-12-25 16:45:50,011 [INFO] UtilMem:75 - End SaveConfig() Used Memory: 437658248 Bytes (982515712)
2023-12-25 16:45:51,568 [INFO] UtilMem:75 - End SaveConfig() Used Memory: 471655312 Bytes (982515712)
2023-12-25 16:45:51,736 [INFO] BlockDiagram:2759 - set Specific Code input for plugin: NVIC
2023-12-25 16:45:51,736 [INFO] BlockDiagram:2759 - set Specific Code input for plugin: TIM1_8F3
2023-12-25 16:45:51,736 [INFO] BlockDiagram:2759 - set Specific Code input for plugin: SYS
2023-12-25 16:45:51,736 [INFO] BlockDiagram:2759 - set Specific Code input for plugin: GPIO
2023-12-25 16:45:51,736 [INFO] BlockDiagram:2759 - set Specific Code input for plugin: RCC
2023-12-25 16:45:51,737 [INFO] CodeGenerator:807 - code generatio: config db path: /Applications/STM32CubeIDE.app/Contents/Eclipse/plugins/com.st.stm32cube.common.mx_6.10.0.202311202037//db/
2023-12-25 16:45:51,842 [INFO] CodeEngine:255 - oldGeneratedFile, /Users/aliacan/STM32CubeIDE/homeAsistant/homeAsistant/MXTmpFiles/license.tmp_save
2023-12-25 16:45:51,927 [INFO] CodeEngine:279 - Generated code: /Users/aliacan/STM32CubeIDE/homeAsistant/homeAsistant/MXTmpFiles/license.tmp
2023-12-25 16:45:51,966 [INFO] CodeEngine:255 - oldGeneratedFile, /Users/aliacan/STM32CubeIDE/homeAsistant/homeAsistant/MXTmpFiles/gpio.tmp_save
2023-12-25 16:45:52,022 [INFO] CodeEngine:279 - Generated code: /Users/aliacan/STM32CubeIDE/homeAsistant/homeAsistant/MXTmpFiles/gpio.tmp
2023-12-25 16:45:52,099 [INFO] CodeEngine:255 - oldGeneratedFile, /Users/aliacan/STM32CubeIDE/homeAsistant/homeAsistant/Core/Src/stm32f3xx_it.c_save
2023-12-25 16:45:52,221 [INFO] CodeEngine:279 - Generated code: /Users/aliacan/STM32CubeIDE/homeAsistant/homeAsistant/Core/Src/stm32f3xx_it.c
2023-12-25 16:45:52,222 [INFO] CodeEngine:255 - oldGeneratedFile, /Users/aliacan/STM32CubeIDE/homeAsistant/homeAsistant/Core/Inc/stm32f3xx_it.h_save
2023-12-25 16:45:52,273 [INFO] CodeEngine:279 - Generated code: /Users/aliacan/STM32CubeIDE/homeAsistant/homeAsistant/Core/Inc/stm32f3xx_it.h
2023-12-25 16:45:52,277 [INFO] CodeEngine:255 - oldGeneratedFile, /Users/aliacan/STM32CubeIDE/homeAsistant/homeAsistant/Core/Src/stm32f3xx_hal_msp.c_save
2023-12-25 16:45:52,349 [INFO] CodeEngine:279 - Generated code: /Users/aliacan/STM32CubeIDE/homeAsistant/homeAsistant/Core/Src/stm32f3xx_hal_msp.c
2023-12-25 16:45:52,351 [INFO] CodeEngine:255 - oldGeneratedFile, /Users/aliacan/STM32CubeIDE/homeAsistant/homeAsistant/MXTmpFiles/system.tmp_save
2023-12-25 16:45:52,396 [INFO] CodeEngine:279 - Generated code: /Users/aliacan/STM32CubeIDE/homeAsistant/homeAsistant/MXTmpFiles/system.tmp
2023-12-25 16:45:52,398 [INFO] CodeEngine:311 - oldGeneratedFile, /Users/aliacan/STM32CubeIDE/homeAsistant/homeAsistant/Core/Inc/stm32f3xx_hal_conf.h_save
2023-12-25 16:45:52,449 [INFO] CodeEngine:335 - Generated code: /Users/aliacan/STM32CubeIDE/homeAsistant/homeAsistant/Core/Inc/stm32f3xx_hal_conf.h
2023-12-25 16:45:52,465 [WARN] IPConfigManager:3440 - IP not found : TIM
2023-12-25 16:45:52,465 [WARN] CodeGenerator:3939 - IP not found : null
2023-12-25 16:45:52,467 [INFO] CodeEngine:255 - oldGeneratedFile, /Users/aliacan/STM32CubeIDE/homeAsistant/homeAsistant/Core/Inc/main.h_save
2023-12-25 16:45:52,523 [INFO] CodeEngine:279 - Generated code: /Users/aliacan/STM32CubeIDE/homeAsistant/homeAsistant/Core/Inc/main.h
2023-12-25 16:45:52,524 [INFO] CodeEngine:255 - oldGeneratedFile, /Users/aliacan/STM32CubeIDE/homeAsistant/homeAsistant/Core/Src/main.c_save
2023-12-25 16:45:52,615 [INFO] CodeEngine:279 - Generated code: /Users/aliacan/STM32CubeIDE/homeAsistant/homeAsistant/Core/Src/main.c
2023-12-25 16:45:53,123 [INFO] ProjectBuilder:3076 - Time for Copy HAL[1] : 33mS.
2023-12-25 16:45:53,131 [INFO] ProjectBuilder:4485 - Project Generator version: 4.2.0-B44
2023-12-25 16:45:53,289 [INFO] ConfigFileManager:1495 - The Die is : DIE439
2023-12-25 16:45:55,053 [INFO] ProjectBuilder:4747 - Time for Generating toolchain IDE Files: 1919mS.
2023-12-25 16:45:55,067 [INFO] ProjectBuilder:2947 - Time for Copy CMSIS : 1mS.
2023-12-25 16:45:55,072 [INFO] ProjectBuilder:2947 - Time for Copy CMSIS : 0mS.
2023-12-25 17:38:11,835 [INFO] I2cTimingTraitement:330 - 0x2000090E
2023-12-25 17:38:35,659 [INFO] I2cTimingTraitement:330 - 0x2000090E
2023-12-25 17:46:39,332 [INFO] UtilMem:75 - End SaveConfig() Used Memory: 431337832 Bytes (856686592)
2023-12-25 17:46:41,583 [INFO] UtilMem:75 - End SaveConfig() Used Memory: 452006664 Bytes (856686592)
2023-12-25 17:46:43,827 [INFO] UtilMem:75 - End SaveConfig() Used Memory: 599706224 Bytes (856686592)
2023-12-25 17:46:44,012 [INFO] BlockDiagram:2759 - set Specific Code input for plugin: NVIC
2023-12-25 17:46:44,012 [INFO] BlockDiagram:2759 - set Specific Code input for plugin: TIM1_8F3
2023-12-25 17:46:44,012 [INFO] BlockDiagram:2759 - set Specific Code input for plugin: SYS
2023-12-25 17:46:44,012 [INFO] BlockDiagram:2759 - set Specific Code input for plugin: GPIO
2023-12-25 17:46:44,012 [INFO] BlockDiagram:2759 - set Specific Code input for plugin: RCC
2023-12-25 17:46:44,012 [INFO] BlockDiagram:2759 - set Specific Code input for plugin: I2C
2023-12-25 17:46:44,014 [INFO] CodeGenerator:807 - code generatio: config db path: /Applications/STM32CubeIDE.app/Contents/Eclipse/plugins/com.st.stm32cube.common.mx_6.10.0.202311202037//db/
2023-12-25 17:46:44,492 [INFO] CodeEngine:255 - oldGeneratedFile, /Users/aliacan/STM32CubeIDE/homeAsistant/homeAsistant/MXTmpFiles/license.tmp_save
2023-12-25 17:46:44,613 [INFO] CodeEngine:279 - Generated code: /Users/aliacan/STM32CubeIDE/homeAsistant/homeAsistant/MXTmpFiles/license.tmp
2023-12-25 17:46:44,654 [INFO] CodeEngine:255 - oldGeneratedFile, /Users/aliacan/STM32CubeIDE/homeAsistant/homeAsistant/MXTmpFiles/gpio.tmp_save
2023-12-25 17:46:44,727 [INFO] CodeEngine:279 - Generated code: /Users/aliacan/STM32CubeIDE/homeAsistant/homeAsistant/MXTmpFiles/gpio.tmp
2023-12-25 17:46:44,867 [INFO] CodeEngine:255 - oldGeneratedFile, /Users/aliacan/STM32CubeIDE/homeAsistant/homeAsistant/Core/Src/stm32f3xx_it.c_save
2023-12-25 17:46:44,987 [INFO] CodeEngine:279 - Generated code: /Users/aliacan/STM32CubeIDE/homeAsistant/homeAsistant/Core/Src/stm32f3xx_it.c
2023-12-25 17:46:44,988 [INFO] CodeEngine:255 - oldGeneratedFile, /Users/aliacan/STM32CubeIDE/homeAsistant/homeAsistant/Core/Inc/stm32f3xx_it.h_save
2023-12-25 17:46:45,038 [INFO] CodeEngine:279 - Generated code: /Users/aliacan/STM32CubeIDE/homeAsistant/homeAsistant/Core/Inc/stm32f3xx_it.h
2023-12-25 17:46:45,043 [INFO] CodeEngine:255 - oldGeneratedFile, /Users/aliacan/STM32CubeIDE/homeAsistant/homeAsistant/Core/Src/stm32f3xx_hal_msp.c_save
2023-12-25 17:46:45,155 [INFO] CodeEngine:279 - Generated code: /Users/aliacan/STM32CubeIDE/homeAsistant/homeAsistant/Core/Src/stm32f3xx_hal_msp.c
2023-12-25 17:46:45,157 [INFO] CodeEngine:255 - oldGeneratedFile, /Users/aliacan/STM32CubeIDE/homeAsistant/homeAsistant/MXTmpFiles/system.tmp_save
2023-12-25 17:46:45,205 [INFO] CodeEngine:279 - Generated code: /Users/aliacan/STM32CubeIDE/homeAsistant/homeAsistant/MXTmpFiles/system.tmp
2023-12-25 17:46:45,209 [INFO] CodeEngine:311 - oldGeneratedFile, /Users/aliacan/STM32CubeIDE/homeAsistant/homeAsistant/Core/Inc/stm32f3xx_hal_conf.h_save
2023-12-25 17:46:45,267 [INFO] CodeEngine:335 - Generated code: /Users/aliacan/STM32CubeIDE/homeAsistant/homeAsistant/Core/Inc/stm32f3xx_hal_conf.h
2023-12-25 17:46:45,290 [WARN] IPConfigManager:3440 - IP not found : TIM
2023-12-25 17:46:45,291 [WARN] CodeGenerator:3939 - IP not found : null
2023-12-25 17:46:45,294 [INFO] CodeEngine:255 - oldGeneratedFile, /Users/aliacan/STM32CubeIDE/homeAsistant/homeAsistant/Core/Inc/main.h_save
2023-12-25 17:46:45,360 [INFO] CodeEngine:279 - Generated code: /Users/aliacan/STM32CubeIDE/homeAsistant/homeAsistant/Core/Inc/main.h
2023-12-25 17:46:45,362 [INFO] CodeEngine:255 - oldGeneratedFile, /Users/aliacan/STM32CubeIDE/homeAsistant/homeAsistant/Core/Src/main.c_save
2023-12-25 17:46:45,488 [INFO] CodeEngine:279 - Generated code: /Users/aliacan/STM32CubeIDE/homeAsistant/homeAsistant/Core/Src/main.c
2023-12-25 17:46:45,987 [INFO] ProjectBuilder:3076 - Time for Copy HAL[1] : 43mS.
2023-12-25 17:46:45,995 [INFO] ProjectBuilder:4485 - Project Generator version: 4.2.0-B44
2023-12-25 17:46:46,158 [INFO] ConfigFileManager:1495 - The Die is : DIE439
2023-12-25 17:46:47,948 [INFO] ProjectBuilder:4747 - Time for Generating toolchain IDE Files: 1947mS.
2023-12-25 17:46:47,952 [INFO] ProjectBuilder:2947 - Time for Copy CMSIS : 1mS.
2023-12-25 17:46:47,954 [INFO] ProjectBuilder:2947 - Time for Copy CMSIS : 0mS.
2023-12-25 17:49:22,577 [ERROR] LogOutputStream:75 - [STDERR_REDIRECT] 
